{
  "stats": {
    "suites": 29,
    "tests": 17,
    "passes": 16,
    "pending": 0,
    "failures": 1,
    "start": "2017-05-23T04:34:10.881Z",
    "end": "2017-05-23T04:34:14.136Z",
    "duration": 3255,
    "testsRegistered": 17,
    "passPercent": 94.1,
    "pendingPercent": 0,
    "other": 0,
    "hasOther": false,
    "skipped": 0,
    "hasSkipped": false,
    "passPercentClass": "success",
    "pendingPercentClass": "danger"
  },
  "suites": {
    "title": "",
    "suites": [
      {
        "title": "位置上报",
        "suites": [
          {
            "title": " 硬件设备主动上传或盲点补传位置信息至通讯服务",
            "suites": [],
            "tests": [
              {
                "title": "01 硬件指令 A基站坐标.",
                "fullTitle": "位置上报  硬件设备主动上传或盲点补传位置信息至通讯服务 01 硬件指令 A基站坐标.",
                "timedOut": false,
                "duration": 196,
                "state": "passed",
                "speed": "slow",
                "pass": true,
                "fail": false,
                "pending": false,
                "code": "userSocketLogin(function(data){\n\t\t\t    var paramA = {\n\t\t\t\t\t\t\t  \"deviceid\": global.deviceid, \n\t\t\t\t\t\t\t  \"func\": \"01\", \n\t\t\t\t\t\t\t  \"content\": \"300816,134652,A,-22.571707,-113.8613968,0.1,0.0,100,1000,50\"\n\t\t\t\t\t\t\t}\n\n\n\n\t\t\t\t\tglobal.devicesocket.send(paramA);\n\n\n\t\t\t        global.usersocket.on(\"locationchange\",function(data){ \n\t\t\t         \t\tdata.should.have.property('message');  \t\t\t\n\t\t\t         \t\t//console.log(data.message.device)        \t\t\n\t\t\t        \t\tdone();\n\t\t\t        });\n\n\n\t\t\t    });",
                "err": {},
                "isRoot": false,
                "uuid": "4347195a-130d-4935-a005-079e8dce408f",
                "parentUUID": "fb378c96-06d7-44ae-9ce0-da9ec13429fd",
                "isHook": false,
                "skipped": false
              }
            ],
            "pending": [],
            "root": false,
            "_timeout": 2000,
            "file": "/server/Test/stock_01Handler.js",
            "uuid": "fb378c96-06d7-44ae-9ce0-da9ec13429fd",
            "failedHooks": [],
            "fullFile": "/Users/junyanhuang/Documents/halokit_node/server/Test/stock_01Handler.js",
            "passes": [
              {
                "title": "01 硬件指令 A基站坐标.",
                "fullTitle": "位置上报  硬件设备主动上传或盲点补传位置信息至通讯服务 01 硬件指令 A基站坐标.",
                "timedOut": false,
                "duration": 196,
                "state": "passed",
                "speed": "slow",
                "pass": true,
                "fail": false,
                "pending": false,
                "code": "userSocketLogin(function(data){\n\t\t\t    var paramA = {\n\t\t\t\t\t\t\t  \"deviceid\": global.deviceid, \n\t\t\t\t\t\t\t  \"func\": \"01\", \n\t\t\t\t\t\t\t  \"content\": \"300816,134652,A,-22.571707,-113.8613968,0.1,0.0,100,1000,50\"\n\t\t\t\t\t\t\t}\n\n\n\n\t\t\t\t\tglobal.devicesocket.send(paramA);\n\n\n\t\t\t        global.usersocket.on(\"locationchange\",function(data){ \n\t\t\t         \t\tdata.should.have.property('message');  \t\t\t\n\t\t\t         \t\t//console.log(data.message.device)        \t\t\n\t\t\t        \t\tdone();\n\t\t\t        });\n\n\n\t\t\t    });",
                "err": {},
                "isRoot": false,
                "uuid": "4347195a-130d-4935-a005-079e8dce408f",
                "parentUUID": "fb378c96-06d7-44ae-9ce0-da9ec13429fd",
                "isHook": false,
                "skipped": false
              }
            ],
            "failures": [],
            "skipped": [],
            "hasTests": true,
            "hasFailedHooks": false,
            "hasSuites": false,
            "totalTests": 1,
            "totalPasses": 1,
            "totalFailures": 0,
            "totalPending": 0,
            "totalSkipped": 0,
            "hasPasses": true,
            "hasFailures": false,
            "hasPending": false,
            "hasSkipped": false,
            "duration": 196,
            "rootEmpty": false
          },
          {
            "title": " app 向服务器发起定位",
            "suites": [],
            "tests": [
              {
                "title": "01 app指令 A基站坐标.",
                "fullTitle": "位置上报  app 向服务器发起定位 01 app指令 A基站坐标.",
                "timedOut": false,
                "duration": 77,
                "state": "passed",
                "speed": "slow",
                "pass": true,
                "fail": false,
                "pending": false,
                "code": "userSocketLogin(function(data){\n\t\t\t    var paramA = {\n\t\t\t\t\t\t\t  \"deviceid\": global.deviceid, \n\t\t\t\t\t\t\t  \"func\": \"01\", \n\t\t\t\t\t\t\t  \"content\": \"300816,134652,A,-22.571707,-113.8613968,0.1,0.0,100,1000,50\"\n\t\t\t\t\t\t\t}\n\n\t\t\t\t var apporderParma = {\n\t\t\t\t \t\t\"deviceid\": global.deviceid, \n\t\t\t\t \t\t\"func\": \"01\", \n\t\t\t\t \t\t\"clientID\":global.clientID\n\t\t\t\t }\t\t\t\t\n\n\t\t\t\tglobal.usersocket.emit(\"findlocation\",apporderParma);\n\n\n\t\t\t\tglobal.devicesocket.on(\"message\",function(data){ \n\t\t\t\t\tif (data.func ==\"01\") {\n\t\t\t\t\t\tglobal.devicesocket.send(paramA);\n\t\t\t\t\t};\n\t\t\t\t});\n\t\t\t\t//global.devicesocket.send(paramA);\n\n\n\t\t\t        global.usersocket.on(\"locationchange\",function(data){ \n\t\t\t         \t\tdata.should.have.property('message');  \t\t\t\n\t\t\t         \t//\tconsole.log(data.message.device)        \t\t\n\t\t\t        \t\tdone();\n\t\t\t        });\n\n\n\t\t\t    });",
                "err": {},
                "isRoot": false,
                "uuid": "55919979-8d68-4d53-aa3c-daa374ede654",
                "parentUUID": "801e7906-58b9-4b52-9090-6de8bf9bfe70",
                "isHook": false,
                "skipped": false
              }
            ],
            "pending": [],
            "root": false,
            "_timeout": 2000,
            "file": "/server/Test/stock_01Handler.js",
            "uuid": "801e7906-58b9-4b52-9090-6de8bf9bfe70",
            "failedHooks": [],
            "fullFile": "/Users/junyanhuang/Documents/halokit_node/server/Test/stock_01Handler.js",
            "passes": [
              {
                "title": "01 app指令 A基站坐标.",
                "fullTitle": "位置上报  app 向服务器发起定位 01 app指令 A基站坐标.",
                "timedOut": false,
                "duration": 77,
                "state": "passed",
                "speed": "slow",
                "pass": true,
                "fail": false,
                "pending": false,
                "code": "userSocketLogin(function(data){\n\t\t\t    var paramA = {\n\t\t\t\t\t\t\t  \"deviceid\": global.deviceid, \n\t\t\t\t\t\t\t  \"func\": \"01\", \n\t\t\t\t\t\t\t  \"content\": \"300816,134652,A,-22.571707,-113.8613968,0.1,0.0,100,1000,50\"\n\t\t\t\t\t\t\t}\n\n\t\t\t\t var apporderParma = {\n\t\t\t\t \t\t\"deviceid\": global.deviceid, \n\t\t\t\t \t\t\"func\": \"01\", \n\t\t\t\t \t\t\"clientID\":global.clientID\n\t\t\t\t }\t\t\t\t\n\n\t\t\t\tglobal.usersocket.emit(\"findlocation\",apporderParma);\n\n\n\t\t\t\tglobal.devicesocket.on(\"message\",function(data){ \n\t\t\t\t\tif (data.func ==\"01\") {\n\t\t\t\t\t\tglobal.devicesocket.send(paramA);\n\t\t\t\t\t};\n\t\t\t\t});\n\t\t\t\t//global.devicesocket.send(paramA);\n\n\n\t\t\t        global.usersocket.on(\"locationchange\",function(data){ \n\t\t\t         \t\tdata.should.have.property('message');  \t\t\t\n\t\t\t         \t//\tconsole.log(data.message.device)        \t\t\n\t\t\t        \t\tdone();\n\t\t\t        });\n\n\n\t\t\t    });",
                "err": {},
                "isRoot": false,
                "uuid": "55919979-8d68-4d53-aa3c-daa374ede654",
                "parentUUID": "801e7906-58b9-4b52-9090-6de8bf9bfe70",
                "isHook": false,
                "skipped": false
              }
            ],
            "failures": [],
            "skipped": [],
            "hasTests": true,
            "hasFailedHooks": false,
            "hasSuites": false,
            "totalTests": 1,
            "totalPasses": 1,
            "totalFailures": 0,
            "totalPending": 0,
            "totalSkipped": 0,
            "hasPasses": true,
            "hasFailures": false,
            "hasPending": false,
            "hasSkipped": false,
            "duration": 77,
            "rootEmpty": false
          }
        ],
        "tests": [],
        "pending": [],
        "root": false,
        "_timeout": 2000,
        "file": "/server/Test/stock_01Handler.js",
        "uuid": "7d6ac8ea-6795-4a42-aa59-da1d40ab0f34",
        "failedHooks": [],
        "fullFile": "/Users/junyanhuang/Documents/halokit_node/server/Test/stock_01Handler.js",
        "passes": [],
        "failures": [],
        "skipped": [],
        "hasTests": false,
        "hasFailedHooks": false,
        "hasSuites": true,
        "totalTests": 0,
        "totalPasses": 0,
        "totalFailures": 0,
        "totalPending": 0,
        "totalSkipped": 0,
        "hasPasses": false,
        "hasFailures": false,
        "hasPending": false,
        "hasSkipped": false,
        "duration": 0,
        "rootEmpty": false
      },
      {
        "title": "设置灯光",
        "suites": [
          {
            "title": "aap 发送指 06 ",
            "suites": [],
            "tests": [
              {
                "title": "06 硬件指令.",
                "fullTitle": "设置灯光 aap 发送指 06  06 硬件指令.",
                "timedOut": false,
                "duration": 54,
                "state": "passed",
                "speed": "medium",
                "pass": true,
                "fail": false,
                "pending": false,
                "code": "userSocketLogin(function(data){\n\t\t\t    \tvar params = {\"clientID\":global.clientID,\"deviceid\":global.deviceid,\"func\":\"06\",content:\"00\"}\n\n\n\t\t\t    \t//app发06指令\n\t\t\t    \tglobal.usersocket.emit(\"light\",params)\t\t\t    \n\n\t\t\t    \t//硬件收到app指令,上报信息\n\t\t\t        global.devicesocket.on(\"message\",function(data){ \n\n\t\t\t        \tif(data.func ==\"06\"){\n\t\t\t\t\t\t\t var pa = {\"deviceid\":global.deviceid,\"func\":\"10\",content:\"00\"}\n\t\t\t\t\t  \t\tglobal.devicesocket.send(pa);\n\t\t\t        \t}\n\n\t\t\t        });\n\n\n\t\t\t        global.usersocket.on(\"deivecelight\",function(data){\n\t\t\t        \t\t\tconsole.log(\"deivecelight\",data)\n\t\t\t        \t\t\tdone();\n\t\t\t        })\n\n\n\t\t\t    });",
                "err": {},
                "isRoot": false,
                "uuid": "4cfc32c5-4ec1-4b2f-9008-5427c5e84bdc",
                "parentUUID": "2f36188a-a033-4a84-9d94-736cde0be9e4",
                "isHook": false,
                "skipped": false
              }
            ],
            "pending": [],
            "root": false,
            "_timeout": 2000,
            "file": "/server/Test/stock_06Handler.js",
            "uuid": "2f36188a-a033-4a84-9d94-736cde0be9e4",
            "failedHooks": [],
            "fullFile": "/Users/junyanhuang/Documents/halokit_node/server/Test/stock_06Handler.js",
            "passes": [
              {
                "title": "06 硬件指令.",
                "fullTitle": "设置灯光 aap 发送指 06  06 硬件指令.",
                "timedOut": false,
                "duration": 54,
                "state": "passed",
                "speed": "medium",
                "pass": true,
                "fail": false,
                "pending": false,
                "code": "userSocketLogin(function(data){\n\t\t\t    \tvar params = {\"clientID\":global.clientID,\"deviceid\":global.deviceid,\"func\":\"06\",content:\"00\"}\n\n\n\t\t\t    \t//app发06指令\n\t\t\t    \tglobal.usersocket.emit(\"light\",params)\t\t\t    \n\n\t\t\t    \t//硬件收到app指令,上报信息\n\t\t\t        global.devicesocket.on(\"message\",function(data){ \n\n\t\t\t        \tif(data.func ==\"06\"){\n\t\t\t\t\t\t\t var pa = {\"deviceid\":global.deviceid,\"func\":\"10\",content:\"00\"}\n\t\t\t\t\t  \t\tglobal.devicesocket.send(pa);\n\t\t\t        \t}\n\n\t\t\t        });\n\n\n\t\t\t        global.usersocket.on(\"deivecelight\",function(data){\n\t\t\t        \t\t\tconsole.log(\"deivecelight\",data)\n\t\t\t        \t\t\tdone();\n\t\t\t        })\n\n\n\t\t\t    });",
                "err": {},
                "isRoot": false,
                "uuid": "4cfc32c5-4ec1-4b2f-9008-5427c5e84bdc",
                "parentUUID": "2f36188a-a033-4a84-9d94-736cde0be9e4",
                "isHook": false,
                "skipped": false
              }
            ],
            "failures": [],
            "skipped": [],
            "hasTests": true,
            "hasFailedHooks": false,
            "hasSuites": false,
            "totalTests": 1,
            "totalPasses": 1,
            "totalFailures": 0,
            "totalPending": 0,
            "totalSkipped": 0,
            "hasPasses": true,
            "hasFailures": false,
            "hasPending": false,
            "hasSkipped": false,
            "duration": 54,
            "rootEmpty": false
          }
        ],
        "tests": [],
        "pending": [],
        "root": false,
        "_timeout": 2000,
        "file": "/server/Test/stock_06Handler.js",
        "uuid": "fc6f756f-ae73-4447-a510-d43d97eee30b",
        "failedHooks": [],
        "fullFile": "/Users/junyanhuang/Documents/halokit_node/server/Test/stock_06Handler.js",
        "passes": [],
        "failures": [],
        "skipped": [],
        "hasTests": false,
        "hasFailedHooks": false,
        "hasSuites": true,
        "totalTests": 0,
        "totalPasses": 0,
        "totalFailures": 0,
        "totalPending": 0,
        "totalSkipped": 0,
        "hasPasses": false,
        "hasFailures": false,
        "hasPending": false,
        "hasSkipped": false,
        "duration": 0,
        "rootEmpty": false
      },
      {
        "title": "SOCKET",
        "suites": [
          {
            "title": " 硬件主动上报电量",
            "suites": [],
            "tests": [
              {
                "title": "08 硬件指令.",
                "fullTitle": "SOCKET  硬件主动上报电量 08 硬件指令.",
                "timedOut": false,
                "duration": 52,
                "state": "passed",
                "speed": "medium",
                "pass": true,
                "fail": false,
                "pending": false,
                "code": "userSocketLogin(function(data){\n\n\t\t\t    \tvar params = {\"deviceid\":global.deviceid,\"func\":\"08\",\"content\":\"46,9\"}\n\t\t\t\t\tglobal.devicesocket.send(params);\n\t\t\t        global.devicesocket.on(\"message\",function(data){ \n\t\t\t         \t\tconsole.log(data);    \t\t\t        \t\t\n\t\t\t        \t\tdone();\n\t\t\t        });\n\n\n\t\t\t    });",
                "err": {},
                "isRoot": false,
                "uuid": "a18427c5-9249-45b1-bf06-9717b0a421fa",
                "parentUUID": "939b1f89-1f7a-4135-bb39-598291292e10",
                "isHook": false,
                "skipped": false
              }
            ],
            "pending": [],
            "root": false,
            "_timeout": 2000,
            "file": "/server/Test/stock_08Handler.js",
            "uuid": "939b1f89-1f7a-4135-bb39-598291292e10",
            "failedHooks": [],
            "fullFile": "/Users/junyanhuang/Documents/halokit_node/server/Test/stock_08Handler.js",
            "passes": [
              {
                "title": "08 硬件指令.",
                "fullTitle": "SOCKET  硬件主动上报电量 08 硬件指令.",
                "timedOut": false,
                "duration": 52,
                "state": "passed",
                "speed": "medium",
                "pass": true,
                "fail": false,
                "pending": false,
                "code": "userSocketLogin(function(data){\n\n\t\t\t    \tvar params = {\"deviceid\":global.deviceid,\"func\":\"08\",\"content\":\"46,9\"}\n\t\t\t\t\tglobal.devicesocket.send(params);\n\t\t\t        global.devicesocket.on(\"message\",function(data){ \n\t\t\t         \t\tconsole.log(data);    \t\t\t        \t\t\n\t\t\t        \t\tdone();\n\t\t\t        });\n\n\n\t\t\t    });",
                "err": {},
                "isRoot": false,
                "uuid": "a18427c5-9249-45b1-bf06-9717b0a421fa",
                "parentUUID": "939b1f89-1f7a-4135-bb39-598291292e10",
                "isHook": false,
                "skipped": false
              }
            ],
            "failures": [],
            "skipped": [],
            "hasTests": true,
            "hasFailedHooks": false,
            "hasSuites": false,
            "totalTests": 1,
            "totalPasses": 1,
            "totalFailures": 0,
            "totalPending": 0,
            "totalSkipped": 0,
            "hasPasses": true,
            "hasFailures": false,
            "hasPending": false,
            "hasSkipped": false,
            "duration": 52,
            "rootEmpty": false
          },
          {
            "title": " 硬件主动推送电量 app获得电量信息",
            "suites": [],
            "tests": [
              {
                "title": "app 获取电量.",
                "fullTitle": "SOCKET  硬件主动推送电量 app获得电量信息 app 获取电量.",
                "timedOut": false,
                "duration": 42,
                "state": "passed",
                "speed": "medium",
                "pass": true,
                "fail": false,
                "pending": false,
                "code": "userSocketLogin(function(data){\n\n\t\t\t    \tvar params = {\"deviceid\":global.deviceid,\"func\":\"08\",\"content\":\"46,9\"}\n\t\t\t\t\tglobal.devicesocket.send(params);\n\t\t\t    \t\n\t\t\t\t\tglobal.usersocket.on(\"devicepower\",function(data){\n\t\t\t\t\t\t\tconsole.log(data)\n\t\t\t\t\t\t\tdone();\n\t\t\t\t\t})\n\n\n\t\t\t    });",
                "err": {},
                "isRoot": false,
                "uuid": "62542f39-57e6-4894-a850-0fca327eda10",
                "parentUUID": "c1580188-8350-4cce-9c1e-26c5535047f5",
                "isHook": false,
                "skipped": false
              }
            ],
            "pending": [],
            "root": false,
            "_timeout": 2000,
            "file": "/server/Test/stock_08Handler.js",
            "uuid": "c1580188-8350-4cce-9c1e-26c5535047f5",
            "failedHooks": [],
            "fullFile": "/Users/junyanhuang/Documents/halokit_node/server/Test/stock_08Handler.js",
            "passes": [
              {
                "title": "app 获取电量.",
                "fullTitle": "SOCKET  硬件主动推送电量 app获得电量信息 app 获取电量.",
                "timedOut": false,
                "duration": 42,
                "state": "passed",
                "speed": "medium",
                "pass": true,
                "fail": false,
                "pending": false,
                "code": "userSocketLogin(function(data){\n\n\t\t\t    \tvar params = {\"deviceid\":global.deviceid,\"func\":\"08\",\"content\":\"46,9\"}\n\t\t\t\t\tglobal.devicesocket.send(params);\n\t\t\t    \t\n\t\t\t\t\tglobal.usersocket.on(\"devicepower\",function(data){\n\t\t\t\t\t\t\tconsole.log(data)\n\t\t\t\t\t\t\tdone();\n\t\t\t\t\t})\n\n\n\t\t\t    });",
                "err": {},
                "isRoot": false,
                "uuid": "62542f39-57e6-4894-a850-0fca327eda10",
                "parentUUID": "c1580188-8350-4cce-9c1e-26c5535047f5",
                "isHook": false,
                "skipped": false
              }
            ],
            "failures": [],
            "skipped": [],
            "hasTests": true,
            "hasFailedHooks": false,
            "hasSuites": false,
            "totalTests": 1,
            "totalPasses": 1,
            "totalFailures": 0,
            "totalPending": 0,
            "totalSkipped": 0,
            "hasPasses": true,
            "hasFailures": false,
            "hasPending": false,
            "hasSkipped": false,
            "duration": 42,
            "rootEmpty": false
          }
        ],
        "tests": [],
        "pending": [],
        "root": false,
        "_timeout": 2000,
        "file": "/server/Test/stock_08Handler.js",
        "uuid": "5b3e1458-461c-42bb-b8e3-8ee0a557be65",
        "failedHooks": [],
        "fullFile": "/Users/junyanhuang/Documents/halokit_node/server/Test/stock_08Handler.js",
        "passes": [],
        "failures": [],
        "skipped": [],
        "hasTests": false,
        "hasFailedHooks": false,
        "hasSuites": true,
        "totalTests": 0,
        "totalPasses": 0,
        "totalFailures": 0,
        "totalPending": 0,
        "totalSkipped": 0,
        "hasPasses": false,
        "hasFailures": false,
        "hasPending": false,
        "hasSkipped": false,
        "duration": 0,
        "rootEmpty": false
      },
      {
        "title": "SOCKET",
        "suites": [
          {
            "title": " 时间同步",
            "suites": [],
            "tests": [
              {
                "title": "0B 硬件指令.",
                "fullTitle": "SOCKET  时间同步 0B 硬件指令.",
                "timedOut": false,
                "duration": 57,
                "state": "passed",
                "speed": "medium",
                "pass": true,
                "fail": false,
                "pending": false,
                "code": "userSocketLogin(function(data){\n\t\t\t    \tvar params = {\"deviceid\":global.deviceid,\"func\":\"0B\"}\n\t\t\t\t\tglobal.devicesocket.send(params);\n\t\t\t        global.devicesocket.on(\"message\",function(data){ \n\t\t\t         \t\tconsole.log(data);    \t\t\t        \t\t\n\t\t\t        \t\tdone();\n\t\t\t        });\n\n\n\t\t\t    });",
                "err": {},
                "isRoot": false,
                "uuid": "0dbff1ef-fda4-4079-875e-8f1a9c17f56e",
                "parentUUID": "a6ffe6e7-7e4f-4dca-ac01-1278c7198734",
                "isHook": false,
                "skipped": false
              }
            ],
            "pending": [],
            "root": false,
            "_timeout": 2000,
            "file": "/server/Test/stock_0BHandler.js",
            "uuid": "a6ffe6e7-7e4f-4dca-ac01-1278c7198734",
            "failedHooks": [],
            "fullFile": "/Users/junyanhuang/Documents/halokit_node/server/Test/stock_0BHandler.js",
            "passes": [
              {
                "title": "0B 硬件指令.",
                "fullTitle": "SOCKET  时间同步 0B 硬件指令.",
                "timedOut": false,
                "duration": 57,
                "state": "passed",
                "speed": "medium",
                "pass": true,
                "fail": false,
                "pending": false,
                "code": "userSocketLogin(function(data){\n\t\t\t    \tvar params = {\"deviceid\":global.deviceid,\"func\":\"0B\"}\n\t\t\t\t\tglobal.devicesocket.send(params);\n\t\t\t        global.devicesocket.on(\"message\",function(data){ \n\t\t\t         \t\tconsole.log(data);    \t\t\t        \t\t\n\t\t\t        \t\tdone();\n\t\t\t        });\n\n\n\t\t\t    });",
                "err": {},
                "isRoot": false,
                "uuid": "0dbff1ef-fda4-4079-875e-8f1a9c17f56e",
                "parentUUID": "a6ffe6e7-7e4f-4dca-ac01-1278c7198734",
                "isHook": false,
                "skipped": false
              }
            ],
            "failures": [],
            "skipped": [],
            "hasTests": true,
            "hasFailedHooks": false,
            "hasSuites": false,
            "totalTests": 1,
            "totalPasses": 1,
            "totalFailures": 0,
            "totalPending": 0,
            "totalSkipped": 0,
            "hasPasses": true,
            "hasFailures": false,
            "hasPending": false,
            "hasSkipped": false,
            "duration": 57,
            "rootEmpty": false
          }
        ],
        "tests": [],
        "pending": [],
        "root": false,
        "_timeout": 2000,
        "file": "/server/Test/stock_0BHandler.js",
        "uuid": "81e34592-6a69-44d9-981a-2f1af01ade4f",
        "failedHooks": [],
        "fullFile": "/Users/junyanhuang/Documents/halokit_node/server/Test/stock_0BHandler.js",
        "passes": [],
        "failures": [],
        "skipped": [],
        "hasTests": false,
        "hasFailedHooks": false,
        "hasSuites": true,
        "totalTests": 0,
        "totalPasses": 0,
        "totalFailures": 0,
        "totalPending": 0,
        "totalSkipped": 0,
        "hasPasses": false,
        "hasFailures": false,
        "hasPending": false,
        "hasSkipped": false,
        "duration": 0,
        "rootEmpty": false
      },
      {
        "title": "响应设置",
        "suites": [
          {
            "title": " 硬件设备统一响应通讯服务设置请求",
            "suites": [],
            "tests": [
              {
                "title": "10 硬件指令.",
                "fullTitle": "响应设置  硬件设备统一响应通讯服务设置请求 10 硬件指令.",
                "timedOut": false,
                "duration": 50,
                "state": "passed",
                "speed": "medium",
                "pass": true,
                "fail": false,
                "pending": false,
                "code": "userSocketLogin(function(data){\n\t\t\t    \tvar params = {\"deviceid\":global.deviceid,\"func\":\"10\",content:\"04\"}\n\t\t\t\t\tglobal.devicesocket.send(params);\n\t\t\t        global.devicesocket.on(\"message\",function(data){ \n\t\t\t  \t\tconsole.log(data)\n\t\t\t        done();\n\t\t\t        });\n\t\t\t    });",
                "err": {},
                "isRoot": false,
                "uuid": "91a96c48-b608-46dc-aff8-a185bf48ce12",
                "parentUUID": "99eca04f-bcde-4f00-b5bb-73c2ce9c1d89",
                "isHook": false,
                "skipped": false
              }
            ],
            "pending": [],
            "root": false,
            "_timeout": 2000,
            "file": "/server/Test/stock_10Handler.js",
            "uuid": "99eca04f-bcde-4f00-b5bb-73c2ce9c1d89",
            "failedHooks": [],
            "fullFile": "/Users/junyanhuang/Documents/halokit_node/server/Test/stock_10Handler.js",
            "passes": [
              {
                "title": "10 硬件指令.",
                "fullTitle": "响应设置  硬件设备统一响应通讯服务设置请求 10 硬件指令.",
                "timedOut": false,
                "duration": 50,
                "state": "passed",
                "speed": "medium",
                "pass": true,
                "fail": false,
                "pending": false,
                "code": "userSocketLogin(function(data){\n\t\t\t    \tvar params = {\"deviceid\":global.deviceid,\"func\":\"10\",content:\"04\"}\n\t\t\t\t\tglobal.devicesocket.send(params);\n\t\t\t        global.devicesocket.on(\"message\",function(data){ \n\t\t\t  \t\tconsole.log(data)\n\t\t\t        done();\n\t\t\t        });\n\t\t\t    });",
                "err": {},
                "isRoot": false,
                "uuid": "91a96c48-b608-46dc-aff8-a185bf48ce12",
                "parentUUID": "99eca04f-bcde-4f00-b5bb-73c2ce9c1d89",
                "isHook": false,
                "skipped": false
              }
            ],
            "failures": [],
            "skipped": [],
            "hasTests": true,
            "hasFailedHooks": false,
            "hasSuites": false,
            "totalTests": 1,
            "totalPasses": 1,
            "totalFailures": 0,
            "totalPending": 0,
            "totalSkipped": 0,
            "hasPasses": true,
            "hasFailures": false,
            "hasPending": false,
            "hasSkipped": false,
            "duration": 50,
            "rootEmpty": false
          }
        ],
        "tests": [],
        "pending": [],
        "root": false,
        "_timeout": 2000,
        "file": "/server/Test/stock_10Handler.js",
        "uuid": "7842c993-9237-4279-8b65-329ee68c1532",
        "failedHooks": [],
        "fullFile": "/Users/junyanhuang/Documents/halokit_node/server/Test/stock_10Handler.js",
        "passes": [],
        "failures": [],
        "skipped": [],
        "hasTests": false,
        "hasFailedHooks": false,
        "hasSuites": true,
        "totalTests": 0,
        "totalPasses": 0,
        "totalFailures": 0,
        "totalPending": 0,
        "totalSkipped": 0,
        "hasPasses": false,
        "hasFailures": false,
        "hasPending": false,
        "hasSkipped": false,
        "duration": 0,
        "rootEmpty": false
      },
      {
        "title": "AGPS",
        "suites": [
          {
            "title": " 硬件设备主动向通讯服务获取AGPS",
            "suites": [],
            "tests": [
              {
                "title": "1C 硬件指令.",
                "fullTitle": "AGPS  硬件设备主动向通讯服务获取AGPS 1C 硬件指令.",
                "timedOut": false,
                "duration": 55,
                "state": "passed",
                "speed": "medium",
                "pass": true,
                "fail": false,
                "pending": false,
                "code": "userSocketLogin(function(data){\n\t\t\t    \tvar params = {\"deviceid\":global.deviceid,\"func\":\"19\"}\n\t\t\t\t\tglobal.devicesocket.send(params);\n\t\t\t        global.devicesocket.on(\"message\",function(data){ \n\t\t\t  \t\t\n\t\t\t        done();\n\t\t\t        });\n\t\t\t    });",
                "err": {},
                "isRoot": false,
                "uuid": "0237cea4-914a-4d28-b3ef-750c11b1168c",
                "parentUUID": "38ca6e18-6b0b-4f8f-ba6a-9214370ceb6f",
                "isHook": false,
                "skipped": false
              }
            ],
            "pending": [],
            "root": false,
            "_timeout": 2000,
            "file": "/server/Test/stock_19Handler.js",
            "uuid": "38ca6e18-6b0b-4f8f-ba6a-9214370ceb6f",
            "failedHooks": [],
            "fullFile": "/Users/junyanhuang/Documents/halokit_node/server/Test/stock_19Handler.js",
            "passes": [
              {
                "title": "1C 硬件指令.",
                "fullTitle": "AGPS  硬件设备主动向通讯服务获取AGPS 1C 硬件指令.",
                "timedOut": false,
                "duration": 55,
                "state": "passed",
                "speed": "medium",
                "pass": true,
                "fail": false,
                "pending": false,
                "code": "userSocketLogin(function(data){\n\t\t\t    \tvar params = {\"deviceid\":global.deviceid,\"func\":\"19\"}\n\t\t\t\t\tglobal.devicesocket.send(params);\n\t\t\t        global.devicesocket.on(\"message\",function(data){ \n\t\t\t  \t\t\n\t\t\t        done();\n\t\t\t        });\n\t\t\t    });",
                "err": {},
                "isRoot": false,
                "uuid": "0237cea4-914a-4d28-b3ef-750c11b1168c",
                "parentUUID": "38ca6e18-6b0b-4f8f-ba6a-9214370ceb6f",
                "isHook": false,
                "skipped": false
              }
            ],
            "failures": [],
            "skipped": [],
            "hasTests": true,
            "hasFailedHooks": false,
            "hasSuites": false,
            "totalTests": 1,
            "totalPasses": 1,
            "totalFailures": 0,
            "totalPending": 0,
            "totalSkipped": 0,
            "hasPasses": true,
            "hasFailures": false,
            "hasPending": false,
            "hasSkipped": false,
            "duration": 55,
            "rootEmpty": false
          }
        ],
        "tests": [],
        "pending": [],
        "root": false,
        "_timeout": 2000,
        "file": "/server/Test/stock_19Handler.js",
        "uuid": "017240bc-950d-4383-938f-f0b15a54f8dd",
        "failedHooks": [],
        "fullFile": "/Users/junyanhuang/Documents/halokit_node/server/Test/stock_19Handler.js",
        "passes": [],
        "failures": [],
        "skipped": [],
        "hasTests": false,
        "hasFailedHooks": false,
        "hasSuites": true,
        "totalTests": 0,
        "totalPasses": 0,
        "totalFailures": 0,
        "totalPending": 0,
        "totalSkipped": 0,
        "hasPasses": false,
        "hasFailures": false,
        "hasPending": false,
        "hasSkipped": false,
        "duration": 0,
        "rootEmpty": false
      },
      {
        "title": "离线上报",
        "suites": [
          {
            "title": " 硬件设备离线时主动上报离线状态至通讯服务",
            "suites": [],
            "tests": [
              {
                "title": "1C 硬件指令.",
                "fullTitle": "离线上报  硬件设备离线时主动上报离线状态至通讯服务 1C 硬件指令.",
                "timedOut": false,
                "duration": 43,
                "state": "passed",
                "speed": "medium",
                "pass": true,
                "fail": false,
                "pending": false,
                "code": "userSocketLogin(function(data){\n\t\t\t    \tvar params = {\"deviceid\":global.deviceid,\"func\":\"1C\"}\n\t\t\t\t\tglobal.devicesocket.send(params);\n\t\t\t        global.devicesocket.on(\"message\",function(data){ \n\t\t\t         \t\tconsole.log(data);    \t\t\t        \t\t\n\t\t\t        \t\tdone();\n\t\t\t        });\n\t\t\t    });",
                "err": {},
                "isRoot": false,
                "uuid": "e83470bc-367d-4bf5-81fc-5f2311de31f3",
                "parentUUID": "e054f116-49da-4849-bf77-bc815064d7ba",
                "isHook": false,
                "skipped": false
              }
            ],
            "pending": [],
            "root": false,
            "_timeout": 2000,
            "file": "/server/Test/stock_1CHandler.js",
            "uuid": "e054f116-49da-4849-bf77-bc815064d7ba",
            "failedHooks": [],
            "fullFile": "/Users/junyanhuang/Documents/halokit_node/server/Test/stock_1CHandler.js",
            "passes": [
              {
                "title": "1C 硬件指令.",
                "fullTitle": "离线上报  硬件设备离线时主动上报离线状态至通讯服务 1C 硬件指令.",
                "timedOut": false,
                "duration": 43,
                "state": "passed",
                "speed": "medium",
                "pass": true,
                "fail": false,
                "pending": false,
                "code": "userSocketLogin(function(data){\n\t\t\t    \tvar params = {\"deviceid\":global.deviceid,\"func\":\"1C\"}\n\t\t\t\t\tglobal.devicesocket.send(params);\n\t\t\t        global.devicesocket.on(\"message\",function(data){ \n\t\t\t         \t\tconsole.log(data);    \t\t\t        \t\t\n\t\t\t        \t\tdone();\n\t\t\t        });\n\t\t\t    });",
                "err": {},
                "isRoot": false,
                "uuid": "e83470bc-367d-4bf5-81fc-5f2311de31f3",
                "parentUUID": "e054f116-49da-4849-bf77-bc815064d7ba",
                "isHook": false,
                "skipped": false
              }
            ],
            "failures": [],
            "skipped": [],
            "hasTests": true,
            "hasFailedHooks": false,
            "hasSuites": false,
            "totalTests": 1,
            "totalPasses": 1,
            "totalFailures": 0,
            "totalPending": 0,
            "totalSkipped": 0,
            "hasPasses": true,
            "hasFailures": false,
            "hasPending": false,
            "hasSkipped": false,
            "duration": 43,
            "rootEmpty": false
          },
          {
            "title": " 硬件设备离线后 app获得离线信息",
            "suites": [],
            "tests": [
              {
                "title": " app 能获取信息.",
                "fullTitle": "离线上报  硬件设备离线后 app获得离线信息  app 能获取信息.",
                "timedOut": false,
                "duration": 56,
                "state": "passed",
                "speed": "medium",
                "pass": true,
                "fail": false,
                "pending": false,
                "code": "userSocketLogin(function(data){\n\t\t\t    \tvar params = {\"deviceid\":global.deviceid,\"func\":\"1C\"}\n\t\t\t\t\tglobal.devicesocket.send(params);\n\t\t\t    \t\n\t\t\t\t\tglobal.usersocket.on(\"deviceoffline\",function(data){\n\t\t\t\t\t\t\tconsole.log(data)\n\t\t\t\t\t\t\tdone();\n\t\t\t\t\t})\n\n\n\t\t\t    });",
                "err": {},
                "isRoot": false,
                "uuid": "144a370b-642d-4074-9862-8a7162287953",
                "parentUUID": "806d1a78-b37d-4496-9230-b0aa60da605c",
                "isHook": false,
                "skipped": false
              }
            ],
            "pending": [],
            "root": false,
            "_timeout": 2000,
            "file": "/server/Test/stock_1CHandler.js",
            "uuid": "806d1a78-b37d-4496-9230-b0aa60da605c",
            "failedHooks": [],
            "fullFile": "/Users/junyanhuang/Documents/halokit_node/server/Test/stock_1CHandler.js",
            "passes": [
              {
                "title": " app 能获取信息.",
                "fullTitle": "离线上报  硬件设备离线后 app获得离线信息  app 能获取信息.",
                "timedOut": false,
                "duration": 56,
                "state": "passed",
                "speed": "medium",
                "pass": true,
                "fail": false,
                "pending": false,
                "code": "userSocketLogin(function(data){\n\t\t\t    \tvar params = {\"deviceid\":global.deviceid,\"func\":\"1C\"}\n\t\t\t\t\tglobal.devicesocket.send(params);\n\t\t\t    \t\n\t\t\t\t\tglobal.usersocket.on(\"deviceoffline\",function(data){\n\t\t\t\t\t\t\tconsole.log(data)\n\t\t\t\t\t\t\tdone();\n\t\t\t\t\t})\n\n\n\t\t\t    });",
                "err": {},
                "isRoot": false,
                "uuid": "144a370b-642d-4074-9862-8a7162287953",
                "parentUUID": "806d1a78-b37d-4496-9230-b0aa60da605c",
                "isHook": false,
                "skipped": false
              }
            ],
            "failures": [],
            "skipped": [],
            "hasTests": true,
            "hasFailedHooks": false,
            "hasSuites": false,
            "totalTests": 1,
            "totalPasses": 1,
            "totalFailures": 0,
            "totalPending": 0,
            "totalSkipped": 0,
            "hasPasses": true,
            "hasFailures": false,
            "hasPending": false,
            "hasSkipped": false,
            "duration": 56,
            "rootEmpty": false
          }
        ],
        "tests": [],
        "pending": [],
        "root": false,
        "_timeout": 2000,
        "file": "/server/Test/stock_1CHandler.js",
        "uuid": "98978529-90ea-4f71-880e-a95a29d29731",
        "failedHooks": [],
        "fullFile": "/Users/junyanhuang/Documents/halokit_node/server/Test/stock_1CHandler.js",
        "passes": [],
        "failures": [],
        "skipped": [],
        "hasTests": false,
        "hasFailedHooks": false,
        "hasSuites": true,
        "totalTests": 0,
        "totalPasses": 0,
        "totalFailures": 0,
        "totalPending": 0,
        "totalSkipped": 0,
        "hasPasses": false,
        "hasFailures": false,
        "hasPending": false,
        "hasSkipped": false,
        "duration": 0,
        "rootEmpty": false
      },
      {
        "title": "App login SOCKET",
        "suites": [
          {
            "title": " App connect device  with deviceoffline",
            "suites": [],
            "tests": [
              {
                "title": "connect device.",
                "fullTitle": "App login SOCKET  App connect device  with deviceoffline connect device.",
                "timedOut": true,
                "duration": 2000,
                "state": "failed",
                "pass": false,
                "fail": true,
                "pending": false,
                "code": "var params = {\n\t\t\t                clientID : global.clientID,\n\t\t\t                deviceID : global.deviceid,\n\t\t\t        \t};\n\t\t\t\t\t\t var client1 = io.connect(socketURL);\t\t\t\t\t\t\n\t\t\t\t\t\t client1.on('connect', function(data){\n\t\t\t\t\t\t\t\t\t  \t\t\t\t\t\t\t\n\t\t\t\t\t\t\tclient1.emit('connectdevice',params);\n\t\t\t\t\t\t\t \t\n\t\t\t\t\t\t\t\t\t\t                \n\t\t\t\t\t\t \t});\n\t\t\t\t\t\t  client1.on('apponline', function(data){\n\t\t\t\t\t\t \t\tconsole.log(data);\n\t\t\t\t\t\t \t\tdata.should.have.property('code');\n\t\t\t\t\t\t \t\tdata.code.should.equal(1);\n\t\t\t\t\t\t \t\tdone();\n\t\t\t\t\t\t });\n\t\t\t\t\t\t client1.on('socketerror', function(data){\n\t\t\t\t\t\t \t\tdata.should.have.property('code');\n\t\t\t\t\t\t \t\tdata.code.should.equal(4000003);\n\t\t\t\t\t\t \t\tdone();\n\t\t\t\t\t\t });",
                "err": {
                  "estack": "Error: Timeout of 2000ms exceeded. For async tests and hooks, ensure \"done()\" is called; if returning a Promise, ensure it resolves."
                },
                "isRoot": false,
                "uuid": "dc134b00-a18b-435f-b80a-bb1f597c4bea",
                "parentUUID": "2f4daee2-483c-4e85-afe6-a08ba09089da",
                "isHook": false,
                "skipped": false
              }
            ],
            "pending": [],
            "root": false,
            "_timeout": 2000,
            "file": "/server/Test/stock_appLogionActionHandler.js",
            "uuid": "2f4daee2-483c-4e85-afe6-a08ba09089da",
            "failedHooks": [],
            "fullFile": "/Users/junyanhuang/Documents/halokit_node/server/Test/stock_appLogionActionHandler.js",
            "passes": [],
            "failures": [
              {
                "title": "connect device.",
                "fullTitle": "App login SOCKET  App connect device  with deviceoffline connect device.",
                "timedOut": true,
                "duration": 2000,
                "state": "failed",
                "pass": false,
                "fail": true,
                "pending": false,
                "code": "var params = {\n\t\t\t                clientID : global.clientID,\n\t\t\t                deviceID : global.deviceid,\n\t\t\t        \t};\n\t\t\t\t\t\t var client1 = io.connect(socketURL);\t\t\t\t\t\t\n\t\t\t\t\t\t client1.on('connect', function(data){\n\t\t\t\t\t\t\t\t\t  \t\t\t\t\t\t\t\n\t\t\t\t\t\t\tclient1.emit('connectdevice',params);\n\t\t\t\t\t\t\t \t\n\t\t\t\t\t\t\t\t\t\t                \n\t\t\t\t\t\t \t});\n\t\t\t\t\t\t  client1.on('apponline', function(data){\n\t\t\t\t\t\t \t\tconsole.log(data);\n\t\t\t\t\t\t \t\tdata.should.have.property('code');\n\t\t\t\t\t\t \t\tdata.code.should.equal(1);\n\t\t\t\t\t\t \t\tdone();\n\t\t\t\t\t\t });\n\t\t\t\t\t\t client1.on('socketerror', function(data){\n\t\t\t\t\t\t \t\tdata.should.have.property('code');\n\t\t\t\t\t\t \t\tdata.code.should.equal(4000003);\n\t\t\t\t\t\t \t\tdone();\n\t\t\t\t\t\t });",
                "err": {
                  "estack": "Error: Timeout of 2000ms exceeded. For async tests and hooks, ensure \"done()\" is called; if returning a Promise, ensure it resolves."
                },
                "isRoot": false,
                "uuid": "dc134b00-a18b-435f-b80a-bb1f597c4bea",
                "parentUUID": "2f4daee2-483c-4e85-afe6-a08ba09089da",
                "isHook": false,
                "skipped": false
              }
            ],
            "skipped": [],
            "hasTests": true,
            "hasFailedHooks": false,
            "hasSuites": false,
            "totalTests": 1,
            "totalPasses": 0,
            "totalFailures": 1,
            "totalPending": 0,
            "totalSkipped": 0,
            "hasPasses": false,
            "hasFailures": true,
            "hasPending": false,
            "hasSkipped": false,
            "duration": 2000,
            "rootEmpty": false
          },
          {
            "title": " App connect device  with deviceonline",
            "suites": [],
            "tests": [
              {
                "title": "can connect device .",
                "fullTitle": "App login SOCKET  App connect device  with deviceonline can connect device .",
                "timedOut": false,
                "duration": 69,
                "state": "passed",
                "speed": "medium",
                "pass": true,
                "fail": false,
                "pending": false,
                "code": "var deviceParam = {\n\t\t\t                deviceid : global.deviceid,\n\t\t\t                func:\"00\"\n\t\t\t        \t};\n\t\t\t        var client = io.connect(socketURL); \t\n\t\t\t         client.on('connect', function(data){\n\t\t\t\t\t\t\t\n\t\t\t\t\t\t\t\tclient.send(deviceParam);\t\t\t\t\t\t\t\t\n\t\t\t\t\t\t\t\t \t\t\t\t\t\t\t\t\t\t               \n\t\t\t\t\t\t \t});\n\t\t\t         client.on('message', function(data){\t\t\t\t\t\t\t\n\t\t\t\t\t\tvar params = {\n\t\t\t                clientID : \"String2\",\n\t\t\t                deviceID : \"12345\",\n\t\t\t        \t};\n\t\t\t        \t\n\t\t\t\t\t\tvar client1 = io.connect(socketURL);\n\t\t\t\t\t\t client1.on('connect', function(data){\n\t\t\t\t\t\t \tclient1.emit('connectdevice',params);\n\t\t\t\t\t\t });\n\t\t\t\t\t\t\n\t\t\t\t\t\t client1.on('deviceonline',function(data){\n\t\t\t\t\t\t \t\tconsole.log(\"deviceonline\");\n\t\t\t\t\t\t \t\tdata.should.have.property('code');\n\t\t\t\t\t\t \t\tdata.code.should.equal(1);\n\t\t\t\t\t\t \t\tdone();\n\t\t\t\t\t\t })\n\t\t\t\t\t\t client1.on('socketerror', function(data){\n\t\t\t\t\t\t \t\tconsole.log(data);\t\t\t\t\t\t \t\t\n\t\t\t\t\t\t \t\t//data.code.should.equal(1);\n\t\t\t\t\t\t \t\tdata.should.have.property('code');\n\t\t\t\t\t\t \t\tdone();\n\t\t\t\t\t\t });\n\t\t\t\t});",
                "err": {},
                "isRoot": false,
                "uuid": "93b17712-1bcf-41c5-bb60-be23cd7729ae",
                "parentUUID": "c676b2b6-d81e-48bd-a684-65e3a5d14fdb",
                "isHook": false,
                "skipped": false
              }
            ],
            "pending": [],
            "root": false,
            "_timeout": 2000,
            "file": "/server/Test/stock_appLogionActionHandler.js",
            "uuid": "c676b2b6-d81e-48bd-a684-65e3a5d14fdb",
            "failedHooks": [],
            "fullFile": "/Users/junyanhuang/Documents/halokit_node/server/Test/stock_appLogionActionHandler.js",
            "passes": [
              {
                "title": "can connect device .",
                "fullTitle": "App login SOCKET  App connect device  with deviceonline can connect device .",
                "timedOut": false,
                "duration": 69,
                "state": "passed",
                "speed": "medium",
                "pass": true,
                "fail": false,
                "pending": false,
                "code": "var deviceParam = {\n\t\t\t                deviceid : global.deviceid,\n\t\t\t                func:\"00\"\n\t\t\t        \t};\n\t\t\t        var client = io.connect(socketURL); \t\n\t\t\t         client.on('connect', function(data){\n\t\t\t\t\t\t\t\n\t\t\t\t\t\t\t\tclient.send(deviceParam);\t\t\t\t\t\t\t\t\n\t\t\t\t\t\t\t\t \t\t\t\t\t\t\t\t\t\t               \n\t\t\t\t\t\t \t});\n\t\t\t         client.on('message', function(data){\t\t\t\t\t\t\t\n\t\t\t\t\t\tvar params = {\n\t\t\t                clientID : \"String2\",\n\t\t\t                deviceID : \"12345\",\n\t\t\t        \t};\n\t\t\t        \t\n\t\t\t\t\t\tvar client1 = io.connect(socketURL);\n\t\t\t\t\t\t client1.on('connect', function(data){\n\t\t\t\t\t\t \tclient1.emit('connectdevice',params);\n\t\t\t\t\t\t });\n\t\t\t\t\t\t\n\t\t\t\t\t\t client1.on('deviceonline',function(data){\n\t\t\t\t\t\t \t\tconsole.log(\"deviceonline\");\n\t\t\t\t\t\t \t\tdata.should.have.property('code');\n\t\t\t\t\t\t \t\tdata.code.should.equal(1);\n\t\t\t\t\t\t \t\tdone();\n\t\t\t\t\t\t })\n\t\t\t\t\t\t client1.on('socketerror', function(data){\n\t\t\t\t\t\t \t\tconsole.log(data);\t\t\t\t\t\t \t\t\n\t\t\t\t\t\t \t\t//data.code.should.equal(1);\n\t\t\t\t\t\t \t\tdata.should.have.property('code');\n\t\t\t\t\t\t \t\tdone();\n\t\t\t\t\t\t });\n\t\t\t\t});",
                "err": {},
                "isRoot": false,
                "uuid": "93b17712-1bcf-41c5-bb60-be23cd7729ae",
                "parentUUID": "c676b2b6-d81e-48bd-a684-65e3a5d14fdb",
                "isHook": false,
                "skipped": false
              }
            ],
            "failures": [],
            "skipped": [],
            "hasTests": true,
            "hasFailedHooks": false,
            "hasSuites": false,
            "totalTests": 1,
            "totalPasses": 1,
            "totalFailures": 0,
            "totalPending": 0,
            "totalSkipped": 0,
            "hasPasses": true,
            "hasFailures": false,
            "hasPending": false,
            "hasSkipped": false,
            "duration": 69,
            "rootEmpty": false
          }
        ],
        "tests": [],
        "pending": [],
        "root": false,
        "_timeout": 2000,
        "file": "/server/Test/stock_appLogionActionHandler.js",
        "uuid": "4c2388f7-b456-4b59-8145-f0bb2c244ae1",
        "failedHooks": [],
        "fullFile": "/Users/junyanhuang/Documents/halokit_node/server/Test/stock_appLogionActionHandler.js",
        "passes": [],
        "failures": [],
        "skipped": [],
        "hasTests": false,
        "hasFailedHooks": false,
        "hasSuites": true,
        "totalTests": 0,
        "totalPasses": 0,
        "totalFailures": 0,
        "totalPending": 0,
        "totalSkipped": 0,
        "hasPasses": false,
        "hasFailures": false,
        "hasPending": false,
        "hasSkipped": false,
        "duration": 0,
        "rootEmpty": false
      },
      {
        "title": "SOCKET Device",
        "suites": [
          {
            "title": " 连接 device connect ",
            "suites": [],
            "tests": [
              {
                "title": "can func 00.",
                "fullTitle": "SOCKET Device  连接 device connect  can func 00.",
                "timedOut": false,
                "duration": 17,
                "state": "passed",
                "speed": "fast",
                "pass": true,
                "fail": false,
                "pending": false,
                "code": "var params = {\n\t\t\t                deviceid : \"12345\",\n\t\t\t                func:\"00\"\n\t\t\t        \t};\n\n\t\t\t\t\t\t var client1 = io.connect(socketURL);\n\n\t\t\t\t\t\t\n\t\t\t\t\t\t client1.on('connect', function(data){\n\t\t\t\t\t\t\t\n\t\t\t\t\t\t\t\tclient1.send(params);\n\n\t\t\t\t\t\t\t\tclient = client1;\t\n\t\t\t\t\t\t\t\t\n\t\t\t\t\t\t\t\t \t\t\t\t\t\t\t\t\t\t               \n\t\t\t\t\t\t \t});\n\n\n\t\t\t\t\t\t client1.on('message', function(data){\t\t\t\t\t\t\t \t\t\t\t\t\t\t\n\t\t\t\t\t\t\t\t\n\n\t\t\t\t\t\t\t\tif (data.content == \"1\") {\n\t\t\t\t\t\t\t\t\t\tdone();\n\t\t\t\t\t\t\t\t\t\n\t\t\t\t\t\t\t\t};\n\n\t\t\t\t\t\t\t\t\t\t\t\t\t\t\t \t\t\t\t\t\t\t\t\t\t               \n\t\t\t\t\t\t \t});\n\n\n\t\t\t\t\t\t client1.on('socketerror', function(data){\n\t\t\t\t\t\t \t\tconsole.log(data);\t\t\t\t\t\t \t\t\n\t\t\t\t\t\t \t\t//data.code.should.equal(1);\n\t\t\t\t\t\t \t\tdata.should.have.property('code');\n\n\t\t\t\t\t\t \t\tdone();\n\n\t\t\t\t\t\t });",
                "err": {},
                "isRoot": false,
                "uuid": "3458b840-7664-4770-b3e3-4aafc5bc7422",
                "parentUUID": "ca0bdf94-537c-46c7-9d3a-783a05253b2c",
                "isHook": false,
                "skipped": false
              }
            ],
            "pending": [],
            "root": false,
            "_timeout": 2000,
            "file": "/server/Test/stock_deviceActionHandler.js",
            "uuid": "ca0bdf94-537c-46c7-9d3a-783a05253b2c",
            "failedHooks": [],
            "fullFile": "/Users/junyanhuang/Documents/halokit_node/server/Test/stock_deviceActionHandler.js",
            "passes": [
              {
                "title": "can func 00.",
                "fullTitle": "SOCKET Device  连接 device connect  can func 00.",
                "timedOut": false,
                "duration": 17,
                "state": "passed",
                "speed": "fast",
                "pass": true,
                "fail": false,
                "pending": false,
                "code": "var params = {\n\t\t\t                deviceid : \"12345\",\n\t\t\t                func:\"00\"\n\t\t\t        \t};\n\n\t\t\t\t\t\t var client1 = io.connect(socketURL);\n\n\t\t\t\t\t\t\n\t\t\t\t\t\t client1.on('connect', function(data){\n\t\t\t\t\t\t\t\n\t\t\t\t\t\t\t\tclient1.send(params);\n\n\t\t\t\t\t\t\t\tclient = client1;\t\n\t\t\t\t\t\t\t\t\n\t\t\t\t\t\t\t\t \t\t\t\t\t\t\t\t\t\t               \n\t\t\t\t\t\t \t});\n\n\n\t\t\t\t\t\t client1.on('message', function(data){\t\t\t\t\t\t\t \t\t\t\t\t\t\t\n\t\t\t\t\t\t\t\t\n\n\t\t\t\t\t\t\t\tif (data.content == \"1\") {\n\t\t\t\t\t\t\t\t\t\tdone();\n\t\t\t\t\t\t\t\t\t\n\t\t\t\t\t\t\t\t};\n\n\t\t\t\t\t\t\t\t\t\t\t\t\t\t\t \t\t\t\t\t\t\t\t\t\t               \n\t\t\t\t\t\t \t});\n\n\n\t\t\t\t\t\t client1.on('socketerror', function(data){\n\t\t\t\t\t\t \t\tconsole.log(data);\t\t\t\t\t\t \t\t\n\t\t\t\t\t\t \t\t//data.code.should.equal(1);\n\t\t\t\t\t\t \t\tdata.should.have.property('code');\n\n\t\t\t\t\t\t \t\tdone();\n\n\t\t\t\t\t\t });",
                "err": {},
                "isRoot": false,
                "uuid": "3458b840-7664-4770-b3e3-4aafc5bc7422",
                "parentUUID": "ca0bdf94-537c-46c7-9d3a-783a05253b2c",
                "isHook": false,
                "skipped": false
              }
            ],
            "failures": [],
            "skipped": [],
            "hasTests": true,
            "hasFailedHooks": false,
            "hasSuites": false,
            "totalTests": 1,
            "totalPasses": 1,
            "totalFailures": 0,
            "totalPending": 0,
            "totalSkipped": 0,
            "hasPasses": true,
            "hasFailures": false,
            "hasPending": false,
            "hasSkipped": false,
            "duration": 17,
            "rootEmpty": false
          },
          {
            "title": "  device 离线上报 ",
            "suites": [],
            "tests": [
              {
                "title": "can 离线上报",
                "fullTitle": "SOCKET Device   device 离线上报  can 离线上报",
                "timedOut": false,
                "duration": 1,
                "state": "passed",
                "speed": "fast",
                "pass": true,
                "fail": false,
                "pending": false,
                "code": "var params = {\n\t                deviceid : \"12345\",\n\t                func:\"1C\"\n\t        \t};\n\t\t\tclient.send(params);\n     \t \tclient.on(\"message\",function(data){     \t \t\n     \t \t\tdone();\n     \t \t});",
                "err": {},
                "isRoot": false,
                "uuid": "4242945c-aeea-451f-be08-8a763dc139dd",
                "parentUUID": "252a6b47-724a-4dea-a733-9b13dce9c900",
                "isHook": false,
                "skipped": false
              }
            ],
            "pending": [],
            "root": false,
            "_timeout": 2000,
            "file": "/server/Test/stock_deviceActionHandler.js",
            "uuid": "252a6b47-724a-4dea-a733-9b13dce9c900",
            "failedHooks": [],
            "fullFile": "/Users/junyanhuang/Documents/halokit_node/server/Test/stock_deviceActionHandler.js",
            "passes": [
              {
                "title": "can 离线上报",
                "fullTitle": "SOCKET Device   device 离线上报  can 离线上报",
                "timedOut": false,
                "duration": 1,
                "state": "passed",
                "speed": "fast",
                "pass": true,
                "fail": false,
                "pending": false,
                "code": "var params = {\n\t                deviceid : \"12345\",\n\t                func:\"1C\"\n\t        \t};\n\t\t\tclient.send(params);\n     \t \tclient.on(\"message\",function(data){     \t \t\n     \t \t\tdone();\n     \t \t});",
                "err": {},
                "isRoot": false,
                "uuid": "4242945c-aeea-451f-be08-8a763dc139dd",
                "parentUUID": "252a6b47-724a-4dea-a733-9b13dce9c900",
                "isHook": false,
                "skipped": false
              }
            ],
            "failures": [],
            "skipped": [],
            "hasTests": true,
            "hasFailedHooks": false,
            "hasSuites": false,
            "totalTests": 1,
            "totalPasses": 1,
            "totalFailures": 0,
            "totalPending": 0,
            "totalSkipped": 0,
            "hasPasses": true,
            "hasFailures": false,
            "hasPending": false,
            "hasSkipped": false,
            "duration": 1,
            "rootEmpty": false
          }
        ],
        "tests": [],
        "pending": [],
        "root": false,
        "_timeout": 2000,
        "file": "/server/Test/stock_deviceActionHandler.js",
        "uuid": "09a7adca-c2e7-4ebd-b8e1-bdf05428f0e4",
        "failedHooks": [],
        "fullFile": "/Users/junyanhuang/Documents/halokit_node/server/Test/stock_deviceActionHandler.js",
        "passes": [],
        "failures": [],
        "skipped": [],
        "hasTests": false,
        "hasFailedHooks": false,
        "hasSuites": true,
        "totalTests": 0,
        "totalPasses": 0,
        "totalFailures": 0,
        "totalPending": 0,
        "totalSkipped": 0,
        "hasPasses": false,
        "hasFailures": false,
        "hasPending": false,
        "hasSkipped": false,
        "duration": 0,
        "rootEmpty": false
      },
      {
        "title": "WEB",
        "suites": [
          {
            "title": "/test post",
            "suites": [],
            "tests": [
              {
                "title": "should be test",
                "fullTitle": "WEB /test post should be test",
                "timedOut": false,
                "duration": 55,
                "state": "passed",
                "speed": "medium",
                "pass": true,
                "fail": false,
                "pending": false,
                "code": "var params = {\n                    name :\"rex\"\n            }\n            request(app)\n                .post('/sun/v1/test')\n                .send(params)\n                .end(function (err, res) {\n    \t\t\tif (err) {\n    \t\t\t\tthrow err;\n    \t\t\t}\n    \t\t\t\n                res.text.should.be.exactly(\"test\");\n                \n                done();\n            \n            });",
                "err": {},
                "isRoot": false,
                "uuid": "c77fad23-894b-4ab2-b9c6-f0a30a57c711",
                "parentUUID": "5c0493c8-2a58-4ad0-80ee-3817f6e10ec3",
                "isHook": false,
                "skipped": false
              }
            ],
            "pending": [],
            "root": false,
            "_timeout": 2000,
            "file": "/server/Test/webAPI_1_test.js",
            "uuid": "5c0493c8-2a58-4ad0-80ee-3817f6e10ec3",
            "failedHooks": [],
            "fullFile": "/Users/junyanhuang/Documents/halokit_node/server/Test/webAPI_1_test.js",
            "passes": [
              {
                "title": "should be test",
                "fullTitle": "WEB /test post should be test",
                "timedOut": false,
                "duration": 55,
                "state": "passed",
                "speed": "medium",
                "pass": true,
                "fail": false,
                "pending": false,
                "code": "var params = {\n                    name :\"rex\"\n            }\n            request(app)\n                .post('/sun/v1/test')\n                .send(params)\n                .end(function (err, res) {\n    \t\t\tif (err) {\n    \t\t\t\tthrow err;\n    \t\t\t}\n    \t\t\t\n                res.text.should.be.exactly(\"test\");\n                \n                done();\n            \n            });",
                "err": {},
                "isRoot": false,
                "uuid": "c77fad23-894b-4ab2-b9c6-f0a30a57c711",
                "parentUUID": "5c0493c8-2a58-4ad0-80ee-3817f6e10ec3",
                "isHook": false,
                "skipped": false
              }
            ],
            "failures": [],
            "skipped": [],
            "hasTests": true,
            "hasFailedHooks": false,
            "hasSuites": false,
            "totalTests": 1,
            "totalPasses": 1,
            "totalFailures": 0,
            "totalPending": 0,
            "totalSkipped": 0,
            "hasPasses": true,
            "hasFailures": false,
            "hasPending": false,
            "hasSkipped": false,
            "duration": 55,
            "rootEmpty": false
          }
        ],
        "tests": [],
        "pending": [],
        "root": false,
        "_timeout": 2000,
        "file": "/server/Test/webAPI_1_test.js",
        "uuid": "2131788c-5f4c-49d3-aeb9-6b776feb9723",
        "failedHooks": [],
        "fullFile": "/Users/junyanhuang/Documents/halokit_node/server/Test/webAPI_1_test.js",
        "passes": [],
        "failures": [],
        "skipped": [],
        "hasTests": false,
        "hasFailedHooks": false,
        "hasSuites": true,
        "totalTests": 0,
        "totalPasses": 0,
        "totalFailures": 0,
        "totalPending": 0,
        "totalSkipped": 0,
        "hasPasses": false,
        "hasFailures": false,
        "hasPending": false,
        "hasSkipped": false,
        "duration": 0,
        "rootEmpty": false
      },
      {
        "title": "Halo G3 ",
        "suites": [
          {
            "title": " halokit g3 get",
            "suites": [],
            "tests": [
              {
                "title": "Can get 24 g3 data",
                "fullTitle": "Halo G3   halokit g3 get Can get 24 g3 data",
                "timedOut": false,
                "duration": 7,
                "state": "passed",
                "speed": "fast",
                "pass": true,
                "fail": false,
                "pending": false,
                "code": "request(app)\n\t\t                .get('/sun/v1/halokit/24g3/'+ params.clinetID +\"/\"+params.deviceID)\n\t\t                .end(function (err, res) {\n\t\t    \t\t\tif (err) {\n\t\t    \t\t\t\tthrow err;\n\t\t    \t\t\t}    \n    \t\n\n\n\t\t    \t\t\t console.log(res.body)\t\n\t\t                 // res.body.should.have.property('code');\n\t\t                 // res.body.code.should.equal(1);\n\t\t                 // res.body.should.have.property('data');\n\t\t                 \n\t\t                 done();\n\n\t\t            });",
                "err": {},
                "isRoot": false,
                "uuid": "1c84c46c-33f4-4d91-b3dc-d6fb5699df89",
                "parentUUID": "bf132ca9-4545-449b-9738-e051ab49041d",
                "isHook": false,
                "skipped": false
              }
            ],
            "pending": [],
            "root": false,
            "_timeout": 2000,
            "file": "/server/Test/webAPI_haloG3.js",
            "uuid": "bf132ca9-4545-449b-9738-e051ab49041d",
            "failedHooks": [],
            "fullFile": "/Users/junyanhuang/Documents/halokit_node/server/Test/webAPI_haloG3.js",
            "passes": [
              {
                "title": "Can get 24 g3 data",
                "fullTitle": "Halo G3   halokit g3 get Can get 24 g3 data",
                "timedOut": false,
                "duration": 7,
                "state": "passed",
                "speed": "fast",
                "pass": true,
                "fail": false,
                "pending": false,
                "code": "request(app)\n\t\t                .get('/sun/v1/halokit/24g3/'+ params.clinetID +\"/\"+params.deviceID)\n\t\t                .end(function (err, res) {\n\t\t    \t\t\tif (err) {\n\t\t    \t\t\t\tthrow err;\n\t\t    \t\t\t}    \n    \t\n\n\n\t\t    \t\t\t console.log(res.body)\t\n\t\t                 // res.body.should.have.property('code');\n\t\t                 // res.body.code.should.equal(1);\n\t\t                 // res.body.should.have.property('data');\n\t\t                 \n\t\t                 done();\n\n\t\t            });",
                "err": {},
                "isRoot": false,
                "uuid": "1c84c46c-33f4-4d91-b3dc-d6fb5699df89",
                "parentUUID": "bf132ca9-4545-449b-9738-e051ab49041d",
                "isHook": false,
                "skipped": false
              }
            ],
            "failures": [],
            "skipped": [],
            "hasTests": true,
            "hasFailedHooks": false,
            "hasSuites": false,
            "totalTests": 1,
            "totalPasses": 1,
            "totalFailures": 0,
            "totalPending": 0,
            "totalSkipped": 0,
            "hasPasses": true,
            "hasFailures": false,
            "hasPending": false,
            "hasSkipped": false,
            "duration": 7,
            "rootEmpty": false
          }
        ],
        "tests": [],
        "pending": [],
        "root": false,
        "_timeout": 2000,
        "file": "/server/Test/webAPI_haloG3.js",
        "uuid": "2f02c87b-392a-45e9-9d3c-4d6f9d495260",
        "failedHooks": [],
        "fullFile": "/Users/junyanhuang/Documents/halokit_node/server/Test/webAPI_haloG3.js",
        "passes": [],
        "failures": [],
        "skipped": [],
        "hasTests": false,
        "hasFailedHooks": false,
        "hasSuites": true,
        "totalTests": 0,
        "totalPasses": 0,
        "totalFailures": 0,
        "totalPending": 0,
        "totalSkipped": 0,
        "hasPasses": false,
        "hasFailures": false,
        "hasPending": false,
        "hasSkipped": false,
        "duration": 0,
        "rootEmpty": false
      },
      {
        "title": "WEB User",
        "suites": [
          {
            "title": "/user/signup Post",
            "suites": [],
            "tests": [
              {
                "title": "Can signup",
                "fullTitle": "WEB User /user/signup Post Can signup",
                "timedOut": false,
                "duration": 12,
                "state": "passed",
                "speed": "fast",
                "pass": true,
                "fail": false,
                "pending": false,
                "code": "request(app)\n\t\t                .post('/sun/v1/user/signup')\n\t\t                .send(params)\n\t\t                .end(function (err, res) {\n\t\t    \t\t\tif (err) {\n\t\t    \t\t\t\tthrow err;\n\t\t    \t\t\t}    \t\t\n\t\t    \t\t\t console.log(res.body)\t\n\t\t                 res.body.should.have.property('code');\n\t\t                 res.body.code.should.equal(1);\n\t\t                 res.body.should.have.property('data');\n\n\t\t                 \n\n\t\t                 done();\n\n\t\t            });",
                "err": {},
                "isRoot": false,
                "uuid": "c5ddc78b-48b9-46ef-a18b-7af96e820cec",
                "parentUUID": "36f88f77-3e88-41c2-9cbc-a044b0d8ba1b",
                "isHook": false,
                "skipped": false
              }
            ],
            "pending": [],
            "root": false,
            "_timeout": 2000,
            "file": "/server/Test/webAPI_user.js",
            "uuid": "36f88f77-3e88-41c2-9cbc-a044b0d8ba1b",
            "failedHooks": [],
            "fullFile": "/Users/junyanhuang/Documents/halokit_node/server/Test/webAPI_user.js",
            "passes": [
              {
                "title": "Can signup",
                "fullTitle": "WEB User /user/signup Post Can signup",
                "timedOut": false,
                "duration": 12,
                "state": "passed",
                "speed": "fast",
                "pass": true,
                "fail": false,
                "pending": false,
                "code": "request(app)\n\t\t                .post('/sun/v1/user/signup')\n\t\t                .send(params)\n\t\t                .end(function (err, res) {\n\t\t    \t\t\tif (err) {\n\t\t    \t\t\t\tthrow err;\n\t\t    \t\t\t}    \t\t\n\t\t    \t\t\t console.log(res.body)\t\n\t\t                 res.body.should.have.property('code');\n\t\t                 res.body.code.should.equal(1);\n\t\t                 res.body.should.have.property('data');\n\n\t\t                 \n\n\t\t                 done();\n\n\t\t            });",
                "err": {},
                "isRoot": false,
                "uuid": "c5ddc78b-48b9-46ef-a18b-7af96e820cec",
                "parentUUID": "36f88f77-3e88-41c2-9cbc-a044b0d8ba1b",
                "isHook": false,
                "skipped": false
              }
            ],
            "failures": [],
            "skipped": [],
            "hasTests": true,
            "hasFailedHooks": false,
            "hasSuites": false,
            "totalTests": 1,
            "totalPasses": 1,
            "totalFailures": 0,
            "totalPending": 0,
            "totalSkipped": 0,
            "hasPasses": true,
            "hasFailures": false,
            "hasPending": false,
            "hasSkipped": false,
            "duration": 12,
            "rootEmpty": false
          }
        ],
        "tests": [],
        "pending": [],
        "root": false,
        "_timeout": 2000,
        "file": "/server/Test/webAPI_user.js",
        "uuid": "c4237827-aa00-45a0-9ae8-36762ab47f57",
        "failedHooks": [],
        "fullFile": "/Users/junyanhuang/Documents/halokit_node/server/Test/webAPI_user.js",
        "passes": [],
        "failures": [],
        "skipped": [],
        "hasTests": false,
        "hasFailedHooks": false,
        "hasSuites": true,
        "totalTests": 0,
        "totalPasses": 0,
        "totalFailures": 0,
        "totalPending": 0,
        "totalSkipped": 0,
        "hasPasses": false,
        "hasFailures": false,
        "hasPending": false,
        "hasSkipped": false,
        "duration": 0,
        "rootEmpty": false
      }
    ],
    "tests": [],
    "pending": [],
    "root": true,
    "_timeout": 2000,
    "uuid": "806f50d0-e96f-4059-8538-e561099365e9",
    "failedHooks": [],
    "fullFile": "",
    "file": "",
    "passes": [],
    "failures": [],
    "skipped": [],
    "hasTests": false,
    "hasFailedHooks": false,
    "hasSuites": true,
    "totalTests": 0,
    "totalPasses": 0,
    "totalFailures": 0,
    "totalPending": 0,
    "totalSkipped": 0,
    "hasPasses": false,
    "hasFailures": false,
    "hasPending": false,
    "hasSkipped": false,
    "duration": 0,
    "rootEmpty": true
  },
  "allTests": [
    {
      "title": "01 硬件指令 A基站坐标.",
      "fullTitle": " 硬件设备主动上传或盲点补传位置信息至通讯服务 01 硬件指令 A基站坐标.",
      "timedOut": false,
      "duration": 196,
      "state": "passed",
      "speed": "slow",
      "pass": true,
      "fail": false,
      "pending": false,
      "code": "userSocketLogin(function(data){\n\t\t\t    var paramA = {\n\t\t\t\t\t\t\t  \"deviceid\": global.deviceid, \n\t\t\t\t\t\t\t  \"func\": \"01\", \n\t\t\t\t\t\t\t  \"content\": \"300816,134652,A,-22.571707,-113.8613968,0.1,0.0,100,1000,50\"\n\t\t\t\t\t\t\t}\n\n\n\n\t\t\t\t\tglobal.devicesocket.send(paramA);\n\n\n\t\t\t        global.usersocket.on(\"locationchange\",function(data){ \n\t\t\t         \t\tdata.should.have.property('message');  \t\t\t\n\t\t\t         \t\t//console.log(data.message.device)        \t\t\n\t\t\t        \t\tdone();\n\t\t\t        });\n\n\n\t\t\t    });",
      "err": {},
      "isRoot": false,
      "uuid": "4347195a-130d-4935-a005-079e8dce408f",
      "parentUUID": "fb378c96-06d7-44ae-9ce0-da9ec13429fd",
      "isHook": false,
      "skipped": false
    },
    {
      "title": "01 app指令 A基站坐标.",
      "fullTitle": " app 向服务器发起定位 01 app指令 A基站坐标.",
      "timedOut": false,
      "duration": 77,
      "state": "passed",
      "speed": "slow",
      "pass": true,
      "fail": false,
      "pending": false,
      "code": "userSocketLogin(function(data){\n\t\t\t    var paramA = {\n\t\t\t\t\t\t\t  \"deviceid\": global.deviceid, \n\t\t\t\t\t\t\t  \"func\": \"01\", \n\t\t\t\t\t\t\t  \"content\": \"300816,134652,A,-22.571707,-113.8613968,0.1,0.0,100,1000,50\"\n\t\t\t\t\t\t\t}\n\n\t\t\t\t var apporderParma = {\n\t\t\t\t \t\t\"deviceid\": global.deviceid, \n\t\t\t\t \t\t\"func\": \"01\", \n\t\t\t\t \t\t\"clientID\":global.clientID\n\t\t\t\t }\t\t\t\t\n\n\t\t\t\tglobal.usersocket.emit(\"findlocation\",apporderParma);\n\n\n\t\t\t\tglobal.devicesocket.on(\"message\",function(data){ \n\t\t\t\t\tif (data.func ==\"01\") {\n\t\t\t\t\t\tglobal.devicesocket.send(paramA);\n\t\t\t\t\t};\n\t\t\t\t});\n\t\t\t\t//global.devicesocket.send(paramA);\n\n\n\t\t\t        global.usersocket.on(\"locationchange\",function(data){ \n\t\t\t         \t\tdata.should.have.property('message');  \t\t\t\n\t\t\t         \t//\tconsole.log(data.message.device)        \t\t\n\t\t\t        \t\tdone();\n\t\t\t        });\n\n\n\t\t\t    });",
      "err": {},
      "isRoot": false,
      "uuid": "55919979-8d68-4d53-aa3c-daa374ede654",
      "parentUUID": "801e7906-58b9-4b52-9090-6de8bf9bfe70",
      "isHook": false,
      "skipped": false
    },
    {
      "title": "06 硬件指令.",
      "fullTitle": "aap 发送指 06  06 硬件指令.",
      "timedOut": false,
      "duration": 54,
      "state": "passed",
      "speed": "medium",
      "pass": true,
      "fail": false,
      "pending": false,
      "code": "userSocketLogin(function(data){\n\t\t\t    \tvar params = {\"clientID\":global.clientID,\"deviceid\":global.deviceid,\"func\":\"06\",content:\"00\"}\n\n\n\t\t\t    \t//app发06指令\n\t\t\t    \tglobal.usersocket.emit(\"light\",params)\t\t\t    \n\n\t\t\t    \t//硬件收到app指令,上报信息\n\t\t\t        global.devicesocket.on(\"message\",function(data){ \n\n\t\t\t        \tif(data.func ==\"06\"){\n\t\t\t\t\t\t\t var pa = {\"deviceid\":global.deviceid,\"func\":\"10\",content:\"00\"}\n\t\t\t\t\t  \t\tglobal.devicesocket.send(pa);\n\t\t\t        \t}\n\n\t\t\t        });\n\n\n\t\t\t        global.usersocket.on(\"deivecelight\",function(data){\n\t\t\t        \t\t\tconsole.log(\"deivecelight\",data)\n\t\t\t        \t\t\tdone();\n\t\t\t        })\n\n\n\t\t\t    });",
      "err": {},
      "isRoot": false,
      "uuid": "4cfc32c5-4ec1-4b2f-9008-5427c5e84bdc",
      "parentUUID": "2f36188a-a033-4a84-9d94-736cde0be9e4",
      "isHook": false,
      "skipped": false
    },
    {
      "title": "08 硬件指令.",
      "fullTitle": " 硬件主动上报电量 08 硬件指令.",
      "timedOut": false,
      "duration": 52,
      "state": "passed",
      "speed": "medium",
      "pass": true,
      "fail": false,
      "pending": false,
      "code": "userSocketLogin(function(data){\n\n\t\t\t    \tvar params = {\"deviceid\":global.deviceid,\"func\":\"08\",\"content\":\"46,9\"}\n\t\t\t\t\tglobal.devicesocket.send(params);\n\t\t\t        global.devicesocket.on(\"message\",function(data){ \n\t\t\t         \t\tconsole.log(data);    \t\t\t        \t\t\n\t\t\t        \t\tdone();\n\t\t\t        });\n\n\n\t\t\t    });",
      "err": {},
      "isRoot": false,
      "uuid": "a18427c5-9249-45b1-bf06-9717b0a421fa",
      "parentUUID": "939b1f89-1f7a-4135-bb39-598291292e10",
      "isHook": false,
      "skipped": false
    },
    {
      "title": "app 获取电量.",
      "fullTitle": " 硬件主动推送电量 app获得电量信息 app 获取电量.",
      "timedOut": false,
      "duration": 42,
      "state": "passed",
      "speed": "medium",
      "pass": true,
      "fail": false,
      "pending": false,
      "code": "userSocketLogin(function(data){\n\n\t\t\t    \tvar params = {\"deviceid\":global.deviceid,\"func\":\"08\",\"content\":\"46,9\"}\n\t\t\t\t\tglobal.devicesocket.send(params);\n\t\t\t    \t\n\t\t\t\t\tglobal.usersocket.on(\"devicepower\",function(data){\n\t\t\t\t\t\t\tconsole.log(data)\n\t\t\t\t\t\t\tdone();\n\t\t\t\t\t})\n\n\n\t\t\t    });",
      "err": {},
      "isRoot": false,
      "uuid": "62542f39-57e6-4894-a850-0fca327eda10",
      "parentUUID": "c1580188-8350-4cce-9c1e-26c5535047f5",
      "isHook": false,
      "skipped": false
    },
    {
      "title": "0B 硬件指令.",
      "fullTitle": " 时间同步 0B 硬件指令.",
      "timedOut": false,
      "duration": 57,
      "state": "passed",
      "speed": "medium",
      "pass": true,
      "fail": false,
      "pending": false,
      "code": "userSocketLogin(function(data){\n\t\t\t    \tvar params = {\"deviceid\":global.deviceid,\"func\":\"0B\"}\n\t\t\t\t\tglobal.devicesocket.send(params);\n\t\t\t        global.devicesocket.on(\"message\",function(data){ \n\t\t\t         \t\tconsole.log(data);    \t\t\t        \t\t\n\t\t\t        \t\tdone();\n\t\t\t        });\n\n\n\t\t\t    });",
      "err": {},
      "isRoot": false,
      "uuid": "0dbff1ef-fda4-4079-875e-8f1a9c17f56e",
      "parentUUID": "a6ffe6e7-7e4f-4dca-ac01-1278c7198734",
      "isHook": false,
      "skipped": false
    },
    {
      "title": "10 硬件指令.",
      "fullTitle": " 硬件设备统一响应通讯服务设置请求 10 硬件指令.",
      "timedOut": false,
      "duration": 50,
      "state": "passed",
      "speed": "medium",
      "pass": true,
      "fail": false,
      "pending": false,
      "code": "userSocketLogin(function(data){\n\t\t\t    \tvar params = {\"deviceid\":global.deviceid,\"func\":\"10\",content:\"04\"}\n\t\t\t\t\tglobal.devicesocket.send(params);\n\t\t\t        global.devicesocket.on(\"message\",function(data){ \n\t\t\t  \t\tconsole.log(data)\n\t\t\t        done();\n\t\t\t        });\n\t\t\t    });",
      "err": {},
      "isRoot": false,
      "uuid": "91a96c48-b608-46dc-aff8-a185bf48ce12",
      "parentUUID": "99eca04f-bcde-4f00-b5bb-73c2ce9c1d89",
      "isHook": false,
      "skipped": false
    },
    {
      "title": "1C 硬件指令.",
      "fullTitle": " 硬件设备主动向通讯服务获取AGPS 1C 硬件指令.",
      "timedOut": false,
      "duration": 55,
      "state": "passed",
      "speed": "medium",
      "pass": true,
      "fail": false,
      "pending": false,
      "code": "userSocketLogin(function(data){\n\t\t\t    \tvar params = {\"deviceid\":global.deviceid,\"func\":\"19\"}\n\t\t\t\t\tglobal.devicesocket.send(params);\n\t\t\t        global.devicesocket.on(\"message\",function(data){ \n\t\t\t  \t\t\n\t\t\t        done();\n\t\t\t        });\n\t\t\t    });",
      "err": {},
      "isRoot": false,
      "uuid": "0237cea4-914a-4d28-b3ef-750c11b1168c",
      "parentUUID": "38ca6e18-6b0b-4f8f-ba6a-9214370ceb6f",
      "isHook": false,
      "skipped": false
    },
    {
      "title": "1C 硬件指令.",
      "fullTitle": " 硬件设备离线时主动上报离线状态至通讯服务 1C 硬件指令.",
      "timedOut": false,
      "duration": 43,
      "state": "passed",
      "speed": "medium",
      "pass": true,
      "fail": false,
      "pending": false,
      "code": "userSocketLogin(function(data){\n\t\t\t    \tvar params = {\"deviceid\":global.deviceid,\"func\":\"1C\"}\n\t\t\t\t\tglobal.devicesocket.send(params);\n\t\t\t        global.devicesocket.on(\"message\",function(data){ \n\t\t\t         \t\tconsole.log(data);    \t\t\t        \t\t\n\t\t\t        \t\tdone();\n\t\t\t        });\n\t\t\t    });",
      "err": {},
      "isRoot": false,
      "uuid": "e83470bc-367d-4bf5-81fc-5f2311de31f3",
      "parentUUID": "e054f116-49da-4849-bf77-bc815064d7ba",
      "isHook": false,
      "skipped": false
    },
    {
      "title": " app 能获取信息.",
      "fullTitle": " 硬件设备离线后 app获得离线信息  app 能获取信息.",
      "timedOut": false,
      "duration": 56,
      "state": "passed",
      "speed": "medium",
      "pass": true,
      "fail": false,
      "pending": false,
      "code": "userSocketLogin(function(data){\n\t\t\t    \tvar params = {\"deviceid\":global.deviceid,\"func\":\"1C\"}\n\t\t\t\t\tglobal.devicesocket.send(params);\n\t\t\t    \t\n\t\t\t\t\tglobal.usersocket.on(\"deviceoffline\",function(data){\n\t\t\t\t\t\t\tconsole.log(data)\n\t\t\t\t\t\t\tdone();\n\t\t\t\t\t})\n\n\n\t\t\t    });",
      "err": {},
      "isRoot": false,
      "uuid": "144a370b-642d-4074-9862-8a7162287953",
      "parentUUID": "806d1a78-b37d-4496-9230-b0aa60da605c",
      "isHook": false,
      "skipped": false
    },
    {
      "title": "connect device.",
      "fullTitle": " App connect device  with deviceoffline connect device.",
      "timedOut": true,
      "duration": 2000,
      "state": "failed",
      "pass": false,
      "fail": true,
      "pending": false,
[...]
      "isRoot": false,
      "uuid": "c77fad23-894b-4ab2-b9c6-f0a30a57c711",
      "parentUUID": "5c0493c8-2a58-4ad0-80ee-3817f6e10ec3",
      "isHook": false,
      "skipped": false
    },
    {
      "title": "Can get 24 g3 data",
      "fullTitle": " halokit g3 get Can get 24 g3 data",
      "timedOut": false,
      "duration": 7,
      "state": "passed",
      "speed": "fast",
      "pass": true,
      "fail": false,
      "pending": false,
      "code": "request(app)\n\t\t                .get('/sun/v1/halokit/24g3/'+ params.clinetID +\"/\"+params.deviceID)\n\t\t                .end(function (err, res) {\n\t\t    \t\t\tif (err) {\n\t\t    \t\t\t\tthrow err;\n\t\t    \t\t\t}    \n    \t\n\n\n\t\t    \t\t\t console.log(res.body)\t\n\t\t                 // res.body.should.have.property('code');\n\t\t                 // res.body.code.should.equal(1);\n\t\t                 // res.body.should.have.property('data');\n\t\t                 \n\t\t                 done();\n\n\t\t            });",
      "err": {},
      "isRoot": false,
      "uuid": "1c84c46c-33f4-4d91-b3dc-d6fb5699df89",
      "parentUUID": "bf132ca9-4545-449b-9738-e051ab49041d",
      "isHook": false,
      "skipped": false
    },
    {
      "title": "Can signup",
      "fullTitle": "/user/signup Post Can signup",
      "timedOut": false,
      "duration": 12,
      "state": "passed",
      "speed": "fast",
      "pass": true,
      "fail": false,
      "pending": false,
      "code": "request(app)\n\t\t                .post('/sun/v1/user/signup')\n\t\t                .send(params)\n\t\t                .end(function (err, res) {\n\t\t    \t\t\tif (err) {\n\t\t    \t\t\t\tthrow err;\n\t\t    \t\t\t}    \t\t\n\t\t    \t\t\t console.log(res.body)\t\n\t\t                 res.body.should.have.property('code');\n\t\t                 res.body.code.should.equal(1);\n\t\t                 res.body.should.have.property('data');\n\n\t\t                 \n\n\t\t                 done();\n\n\t\t            });",
      "err": {},
      "isRoot": false,
      "uuid": "c5ddc78b-48b9-46ef-a18b-7af96e820cec",
      "parentUUID": "36f88f77-3e88-41c2-9cbc-a044b0d8ba1b",
      "isHook": false,
      "skipped": false
    }
  ],
  "allPending": [],
  "allPasses": [
    {
      "title": "01 硬件指令 A基站坐标.",
      "fullTitle": " 硬件设备主动上传或盲点补传位置信息至通讯服务 01 硬件指令 A基站坐标.",
      "timedOut": false,
      "duration": 196,
      "state": "passed",
      "speed": "slow",
      "pass": true,
      "fail": false,
      "pending": false,
      "code": "userSocketLogin(function(data){\n\t\t\t    var paramA = {\n\t\t\t\t\t\t\t  \"deviceid\": global.deviceid, \n\t\t\t\t\t\t\t  \"func\": \"01\", \n\t\t\t\t\t\t\t  \"content\": \"300816,134652,A,-22.571707,-113.8613968,0.1,0.0,100,1000,50\"\n\t\t\t\t\t\t\t}\n\n\n\n\t\t\t\t\tglobal.devicesocket.send(paramA);\n\n\n\t\t\t        global.usersocket.on(\"locationchange\",function(data){ \n\t\t\t         \t\tdata.should.have.property('message');  \t\t\t\n\t\t\t         \t\t//console.log(data.message.device)        \t\t\n\t\t\t        \t\tdone();\n\t\t\t        });\n\n\n\t\t\t    });",
      "err": {},
      "isRoot": false,
      "uuid": "4347195a-130d-4935-a005-079e8dce408f",
      "parentUUID": "fb378c96-06d7-44ae-9ce0-da9ec13429fd",
      "isHook": false,
      "skipped": false
    },
    {
      "title": "01 app指令 A基站坐标.",
      "fullTitle": " app 向服务器发起定位 01 app指令 A基站坐标.",
      "timedOut": false,
      "duration": 77,
      "state": "passed",
      "speed": "slow",
      "pass": true,
      "fail": false,
      "pending": false,
      "code": "userSocketLogin(function(data){\n\t\t\t    var paramA = {\n\t\t\t\t\t\t\t  \"deviceid\": global.deviceid, \n\t\t\t\t\t\t\t  \"func\": \"01\", \n\t\t\t\t\t\t\t  \"content\": \"300816,134652,A,-22.571707,-113.8613968,0.1,0.0,100,1000,50\"\n\t\t\t\t\t\t\t}\n\n\t\t\t\t var apporderParma = {\n\t\t\t\t \t\t\"deviceid\": global.deviceid, \n\t\t\t\t \t\t\"func\": \"01\", \n\t\t\t\t \t\t\"clientID\":global.clientID\n\t\t\t\t }\t\t\t\t\n\n\t\t\t\tglobal.usersocket.emit(\"findlocation\",apporderParma);\n\n\n\t\t\t\tglobal.devicesocket.on(\"message\",function(data){ \n\t\t\t\t\tif (data.func ==\"01\") {\n\t\t\t\t\t\tglobal.devicesocket.send(paramA);\n\t\t\t\t\t};\n\t\t\t\t});\n\t\t\t\t//global.devicesocket.send(paramA);\n\n\n\t\t\t        global.usersocket.on(\"locationchange\",function(data){ \n\t\t\t         \t\tdata.should.have.property('message');  \t\t\t\n\t\t\t         \t//\tconsole.log(data.message.device)        \t\t\n\t\t\t        \t\tdone();\n\t\t\t        });\n\n\n\t\t\t    });",
      "err": {},
      "isRoot": false,
      "uuid": "55919979-8d68-4d53-aa3c-daa374ede654",
      "parentUUID": "801e7906-58b9-4b52-9090-6de8bf9bfe70",
      "isHook": false,
      "skipped": false
    },
    {
      "title": "06 硬件指令.",
      "fullTitle": "aap 发送指 06  06 硬件指令.",
      "timedOut": false,
      "duration": 54,
      "state": "passed",
      "speed": "medium",
      "pass": true,
      "fail": false,
      "pending": false,
      "code": "userSocketLogin(function(data){\n\t\t\t    \tvar params = {\"clientID\":global.clientID,\"deviceid\":global.deviceid,\"func\":\"06\",content:\"00\"}\n\n\n\t\t\t    \t//app发06指令\n\t\t\t    \tglobal.usersocket.emit(\"light\",params)\t\t\t    \n\n\t\t\t    \t//硬件收到app指令,上报信息\n\t\t\t        global.devicesocket.on(\"message\",function(data){ \n\n\t\t\t        \tif(data.func ==\"06\"){\n\t\t\t\t\t\t\t var pa = {\"deviceid\":global.deviceid,\"func\":\"10\",content:\"00\"}\n\t\t\t\t\t  \t\tglobal.devicesocket.send(pa);\n\t\t\t        \t}\n\n\t\t\t        });\n\n\n\t\t\t        global.usersocket.on(\"deivecelight\",function(data){\n\t\t\t        \t\t\tconsole.log(\"deivecelight\",data)\n\t\t\t        \t\t\tdone();\n\t\t\t        })\n\n\n\t\t\t    });",
      "err": {},
      "isRoot": false,
      "uuid": "4cfc32c5-4ec1-4b2f-9008-5427c5e84bdc",
      "parentUUID": "2f36188a-a033-4a84-9d94-736cde0be9e4",
      "isHook": false,
      "skipped": false
    },
    {
      "title": "08 硬件指令.",
      "fullTitle": " 硬件主动上报电量 08 硬件指令.",
      "timedOut": false,
      "duration": 52,
      "state": "passed",
      "speed": "medium",
      "pass": true,
      "fail": false,
      "pending": false,
      "code": "userSocketLogin(function(data){\n\n\t\t\t    \tvar params = {\"deviceid\":global.deviceid,\"func\":\"08\",\"content\":\"46,9\"}\n\t\t\t\t\tglobal.devicesocket.send(params);\n\t\t\t        global.devicesocket.on(\"message\",function(data){ \n\t\t\t         \t\tconsole.log(data);    \t\t\t        \t\t\n\t\t\t        \t\tdone();\n\t\t\t        });\n\n\n\t\t\t    });",
      "err": {},
      "isRoot": false,
      "uuid": "a18427c5-9249-45b1-bf06-9717b0a421fa",
      "parentUUID": "939b1f89-1f7a-4135-bb39-598291292e10",
      "isHook": false,
      "skipped": false
    },
    {
      "title": "app 获取电量.",
      "fullTitle": " 硬件主动推送电量 app获得电量信息 app 获取电量.",
      "timedOut": false,
      "duration": 42,
      "state": "passed",
      "speed": "medium",
      "pass": true,
      "fail": false,
      "pending": false,
      "code": "userSocketLogin(function(data){\n\n\t\t\t    \tvar params = {\"deviceid\":global.deviceid,\"func\":\"08\",\"content\":\"46,9\"}\n\t\t\t\t\tglobal.devicesocket.send(params);\n\t\t\t    \t\n\t\t\t\t\tglobal.usersocket.on(\"devicepower\",function(data){\n\t\t\t\t\t\t\tconsole.log(data)\n\t\t\t\t\t\t\tdone();\n\t\t\t\t\t})\n\n\n\t\t\t    });",
      "err": {},
      "isRoot": false,
      "uuid": "62542f39-57e6-4894-a850-0fca327eda10",
      "parentUUID": "c1580188-8350-4cce-9c1e-26c5535047f5",
      "isHook": false,
      "skipped": false
    },
    {
      "title": "0B 硬件指令.",
      "fullTitle": " 时间同步 0B 硬件指令.",
      "timedOut": false,
      "duration": 57,
      "state": "passed",
      "speed": "medium",
      "pass": true,
      "fail": false,
      "pending": false,
      "code": "userSocketLogin(function(data){\n\t\t\t    \tvar params = {\"deviceid\":global.deviceid,\"func\":\"0B\"}\n\t\t\t\t\tglobal.devicesocket.send(params);\n\t\t\t        global.devicesocket.on(\"message\",function(data){ \n\t\t\t         \t\tconsole.log(data);    \t\t\t        \t\t\n\t\t\t        \t\tdone();\n\t\t\t        });\n\n\n\t\t\t    });",
      "err": {},
      "isRoot": false,
      "uuid": "0dbff1ef-fda4-4079-875e-8f1a9c17f56e",
      "parentUUID": "a6ffe6e7-7e4f-4dca-ac01-1278c7198734",
      "isHook": false,
      "skipped": false
    },
    {
      "title": "10 硬件指令.",
      "fullTitle": " 硬件设备统一响应通讯服务设置请求 10 硬件指令.",
      "timedOut": false,
      "duration": 50,
      "state": "passed",
      "speed": "medium",
      "pass": true,
      "fail": false,
      "pending": false,
      "code": "userSocketLogin(function(data){\n\t\t\t    \tvar params = {\"deviceid\":global.deviceid,\"func\":\"10\",content:\"04\"}\n\t\t\t\t\tglobal.devicesocket.send(params);\n\t\t\t        global.devicesocket.on(\"message\",function(data){ \n\t\t\t  \t\tconsole.log(data)\n\t\t\t        done();\n\t\t\t        });\n\t\t\t    });",
      "err": {},
      "isRoot": false,
      "uuid": "91a96c48-b608-46dc-aff8-a185bf48ce12",
      "parentUUID": "99eca04f-bcde-4f00-b5bb-73c2ce9c1d89",
      "isHook": false,
      "skipped": false
    },
    {
      "title": "1C 硬件指令.",
      "fullTitle": " 硬件设备主动向通讯服务获取AGPS 1C 硬件指令.",
      "timedOut": false,
      "duration": 55,
      "state": "passed",
      "speed": "medium",
      "pass": true,
      "fail": false,
      "pending": false,
      "code": "userSocketLogin(function(data){\n\t\t\t    \tvar params = {\"deviceid\":global.deviceid,\"func\":\"19\"}\n\t\t\t\t\tglobal.devicesocket.send(params);\n\t\t\t        global.devicesocket.on(\"message\",function(data){ \n\t\t\t  \t\t\n\t\t\t        done();\n\t\t\t        });\n\t\t\t    });",
      "err": {},
      "isRoot": false,
      "uuid": "0237cea4-914a-4d28-b3ef-750c11b1168c",
      "parentUUID": "38ca6e18-6b0b-4f8f-ba6a-9214370ceb6f",
      "isHook": false,
      "skipped": false
    },
    {
      "title": "1C 硬件指令.",
      "fullTitle": " 硬件设备离线时主动上报离线状态至通讯服务 1C 硬件指令.",
      "timedOut": false,
      "duration": 43,
      "state": "passed",
      "speed": "medium",
      "pass": true,
      "fail": false,
      "pending": false,
      "code": "userSocketLogin(function(data){\n\t\t\t    \tvar params = {\"deviceid\":global.deviceid,\"func\":\"1C\"}\n\t\t\t\t\tglobal.devicesocket.send(params);\n\t\t\t        global.devicesocket.on(\"message\",function(data){ \n\t\t\t         \t\tconsole.log(data);    \t\t\t        \t\t\n\t\t\t        \t\tdone();\n\t\t\t        });\n\t\t\t    });",
      "err": {},
      "isRoot": false,
      "uuid": "e83470bc-367d-4bf5-81fc-5f2311de31f3",
      "parentUUID": "e054f116-49da-4849-bf77-bc815064d7ba",
      "isHook": false,
      "skipped": false
    },
    {
      "title": " app 能获取信息.",
      "fullTitle": " 硬件设备离线后 app获得离线信息  app 能获取信息.",
      "timedOut": false,
      "duration": 56,
      "state": "passed",
      "speed": "medium",
      "pass": true,
      "fail": false,
      "pending": false,
      "code": "userSocketLogin(function(data){\n\t\t\t    \tvar params = {\"deviceid\":global.deviceid,\"func\":\"1C\"}\n\t\t\t\t\tglobal.devicesocket.send(params);\n\t\t\t    \t\n\t\t\t\t\tglobal.usersocket.on(\"deviceoffline\",function(data){\n\t\t\t\t\t\t\tconsole.log(data)\n\t\t\t\t\t\t\tdone();\n\t\t\t\t\t})\n\n\n\t\t\t    });",
      "err": {},
      "isRoot": false,
      "uuid": "144a370b-642d-4074-9862-8a7162287953",
      "parentUUID": "806d1a78-b37d-4496-9230-b0aa60da605c",
      "isHook": false,
      "skipped": false
    },
    {
      "title": "can connect device .",
      "fullTitle": " App connect device  with deviceonline can connect device .",
      "timedOut": false,
      "duration": 69,
      "state": "passed",
      "speed": "medium",
      "pass": true,
      "fail": false,
      "pending": false,
      "code": "var deviceParam = {\n\t\t\t                deviceid : global.deviceid,\n\t\t\t                func:\"00\"\n\t\t\t        \t};\n\t\t\t        var client = io.connect(socketURL); \t\n\t\t\t         client.on('connect', function(data){\n\t\t\t\t\t\t\t\n\t\t\t\t\t\t\t\tclient.send(deviceParam);\t\t\t\t\t\t\t\t\n\t\t\t\t\t\t\t\t \t\t\t\t\t\t\t\t\t\t               \n\t\t\t\t\t\t \t});\n\t\t\t         client.on('message', function(data){\t\t\t\t\t\t\t\n\t\t\t\t\t\tvar params = {\n\t\t\t                clientID : \"String2\",\n\t\t\t                deviceID : \"12345\",\n\t\t\t        \t};\n\t\t\t        \t\n\t\t\t\t\t\tvar client1 = io.connect(socketURL);\n\t\t\t\t\t\t client1.on('connect', function(data){\n\t\t\t\t\t\t \tclient1.emit('connectdevice',params);\n\t\t\t\t\t\t });\n\t\t\t\t\t\t\n\t\t\t\t\t\t client1.on('deviceonline',function(data){\n\t\t\t\t\t\t \t\tconsole.log(\"deviceonline\");\n\t\t\t\t\t\t \t\tdata.should.have.property('code');\n\t\t\t\t\t\t \t\tdata.code.should.equal(1);\n\t\t\t\t\t\t \t\tdone();\n\t\t\t\t\t\t })\n\t\t\t\t\t\t client1.on('socketerror', function(data){\n\t\t\t\t\t\t \t\tconsole.log(data);\t\t\t\t\t\t \t\t\n\t\t\t\t\t\t \t\t//data.code.should.equal(1);\n\t\t\t\t\t\t \t\tdata.should.have.property('code');\n\t\t\t\t\t\t \t\tdone();\n\t\t\t\t\t\t });\n\t\t\t\t});",
      "err": {},
      "isRoot": false,
      "uuid": "93b17712-1bcf-41c5-bb60-be23cd7729ae",
      "parentUUID": "c676b2b6-d81e-48bd-a684-65e3a5d14fdb",
      "isHook": false,
      "skipped": false
    },
    {
      "title": "can func 00.",
      "fullTitle": " 连接 device connect  can func 00.",
      "timedOut": false,
      "duration": 17,
      "state": "passed",
      "speed": "fast",
      "pass": true,
      "fail": false,
      "pending": false,
      "code": "var params = {\n\t\t\t                deviceid : \"12345\",\n\t\t\t                func:\"00\"\n\t\t\t        \t};\n\n\t\t\t\t\t\t var client1 = io.connect(socketURL);\n\n\t\t\t\t\t\t\n\t\t\t\t\t\t client1.on('connect', function(data){\n\t\t\t\t\t\t\t\n\t\t\t\t\t\t\t\tclient1.send(params);\n\n\t\t\t\t\t\t\t\tclient = client1;\t\n\t\t\t\t\t\t\t\t\n\t\t\t\t\t\t\t\t \t\t\t\t\t\t\t\t\t\t               \n\t\t\t\t\t\t \t});\n\n\n\t\t\t\t\t\t client1.on('message', function(data){\t\t\t\t\t\t\t \t\t\t\t\t\t\t\n\t\t\t\t\t\t\t\t\n\n\t\t\t\t\t\t\t\tif (data.content == \"1\") {\n\t\t\t\t\t\t\t\t\t\tdone();\n\t\t\t\t\t\t\t\t\t\n\t\t\t\t\t\t\t\t};\n\n\t\t\t\t\t\t\t\t\t\t\t\t\t\t\t \t\t\t\t\t\t\t\t\t\t               \n\t\t\t\t\t\t \t});\n\n\n\t\t\t\t\t\t client1.on('socketerror', function(data){\n\t\t\t\t\t\t \t\tconsole.log(data);\t\t\t\t\t\t \t\t\n\t\t\t\t\t\t \t\t//data.code.should.equal(1);\n\t\t\t\t\t\t \t\tdata.should.have.property('code');\n\n\t\t\t\t\t\t \t\tdone();\n\n\t\t\t\t\t\t });",
      "err": {},
      "isRoot": false,
      "uuid": "3458b840-7664-4770-b3e3-4aafc5bc7422",
      "parentUUID": "ca0bdf94-537c-46c7-9d3a-783a05253b2c",
      "isHook": false,
      "skipped": false
    },
    {
      "title": "can 离线上报",
      "fullTitle": "  device 离线上报  can 离线上报",
      "timedOut": false,
      "duration": 1,
      "state": "passed",
      "speed": "fast",
      "pass": true,
      "fail": false,
      "pending": false,
      "code": "var params = {\n\t                deviceid : \"12345\",\n\t                func:\"1C\"\n\t        \t};\n\t\t\tclient.send(params);\n     \t \tclient.on(\"message\",function(data){     \t \t\n     \t \t\tdone();\n     \t \t});",
      "err": {},
      "isRoot": false,
      "uuid": "4242945c-aeea-451f-be08-8a763dc139dd",
      "parentUUID": "252a6b47-724a-4dea-a733-9b13dce9c900",
      "isHook": false,
      "skipped": false
    },
    {
      "title": "should be test",
      "fullTitle": "/test post should be test",
      "timedOut": false,
      "duration": 55,
      "state": "passed",
      "speed": "medium",
      "pass": true,
      "fail": false,
      "pending": false,
      "code": "var params = {\n                    name :\"rex\"\n            }\n            request(app)\n                .post('/sun/v1/test')\n                .send(params)\n                .end(function (err, res) {\n    \t\t\tif (err) {\n    \t\t\t\tthrow err;\n    \t\t\t}\n    \t\t\t\n                res.text.should.be.exactly(\"test\");\n                \n                done();\n            \n            });",
      "err": {},
      "isRoot": false,
      "uuid": "c77fad23-894b-4ab2-b9c6-f0a30a57c711",
      "parentUUID": "5c0493c8-2a58-4ad0-80ee-3817f6e10ec3",
      "isHook": false,
      "skipped": false
    },
    {
      "title": "Can get 24 g3 data",
      "fullTitle": " halokit g3 get Can get 24 g3 data",
      "timedOut": false,
      "duration": 7,
      "state": "passed",
      "speed": "fast",
      "pass": true,
      "fail": false,
      "pending": false,
      "code": "request(app)\n\t\t                .get('/sun/v1/halokit/24g3/'+ params.clinetID +\"/\"+params.deviceID)\n\t\t                .end(function (err, res) {\n\t\t    \t\t\tif (err) {\n\t\t    \t\t\t\tthrow err;\n\t\t    \t\t\t}    \n    \t\n\n\n\t\t    \t\t\t console.log(res.body)\t\n\t\t                 // res.body.should.have.property('code');\n\t\t                 // res.body.code.should.equal(1);\n\t\t                 // res.body.should.have.property('data');\n\t\t                 \n\t\t                 done();\n\n\t\t            });",
      "err": {},
      "isRoot": false,
      "uuid": "1c84c46c-33f4-4d91-b3dc-d6fb5699df89",
      "parentUUID": "bf132ca9-4545-449b-9738-e051ab49041d",
      "isHook": false,
      "skipped": false
    },
    {
      "title": "Can signup",
      "fullTitle": "/user/signup Post Can signup",
      "timedOut": false,
      "duration": 12,
      "state": "passed",
      "speed": "fast",
      "pass": true,
      "fail": false,
      "pending": false,
      "code": "request(app)\n\t\t                .post('/sun/v1/user/signup')\n\t\t                .send(params)\n\t\t                .end(function (err, res) {\n\t\t    \t\t\tif (err) {\n\t\t    \t\t\t\tthrow err;\n\t\t    \t\t\t}    \t\t\n\t\t    \t\t\t console.log(res.body)\t\n\t\t                 res.body.should.have.property('code');\n\t\t                 res.body.code.should.equal(1);\n\t\t                 res.body.should.have.property('data');\n\n\t\t                 \n\n\t\t                 done();\n\n\t\t            });",
      "err": {},
      "isRoot": false,
      "uuid": "c5ddc78b-48b9-46ef-a18b-7af96e820cec",
      "parentUUID": "36f88f77-3e88-41c2-9cbc-a044b0d8ba1b",
      "isHook": false,
      "skipped": false
    }
  ],
  "allFailures": [
    {
      "title": "connect device.",
      "fullTitle": " App connect device  with deviceoffline connect device.",
      "timedOut": true,
      "duration": 2000,
      "state": "failed",
      "pass": false,
      "fail": true,
      "pending": false,
      "code": "var params = {\n\t\t\t                clientID : global.clientID,\n\t\t\t                deviceID : global.deviceid,\n\t\t\t        \t};\n\t\t\t\t\t\t var client1 = io.connect(socketURL);\t\t\t\t\t\t\n\t\t\t\t\t\t client1.on('connect', function(data){\n\t\t\t\t\t\t\t\t\t  \t\t\t\t\t\t\t\n\t\t\t\t\t\t\tclient1.emit('connectdevice',params);\n\t\t\t\t\t\t\t \t\n\t\t\t\t\t\t\t\t\t\t                \n\t\t\t\t\t\t \t});\n\t\t\t\t\t\t  client1.on('apponline', function(data){\n\t\t\t\t\t\t \t\tconsole.log(data);\n\t\t\t\t\t\t \t\tdata.should.have.property('code');\n\t\t\t\t\t\t \t\tdata.code.should.equal(1);\n\t\t\t\t\t\t \t\tdone();\n\t\t\t\t\t\t });\n\t\t\t\t\t\t client1.on('socketerror', function(data){\n\t\t\t\t\t\t \t\tdata.should.have.property('code');\n\t\t\t\t\t\t \t\tdata.code.should.equal(4000003);\n\t\t\t\t\t\t \t\tdone();\n\t\t\t\t\t\t });",
      "err": {
        "estack": "Error: Timeout of 2000ms exceeded. For async tests and hooks, ensure \"done()\" is called; if returning a Promise, ensure it resolves."
      },
      "isRoot": false,
      "uuid": "dc134b00-a18b-435f-b80a-bb1f597c4bea",
      "parentUUID": "2f4daee2-483c-4e85-afe6-a08ba09089da",
      "isHook": false,
      "skipped": false
    }
  ],
  "copyrightYear": 2017
}